2024-01-21 00:50:46,848 [INFO] Activator:176 - 


2024-01-21 00:50:46,849 [INFO] Activator:177 - !SESSION log4j initialized
2024-01-21 00:50:48,689 [INFO] LogOutputStream:77 - [STDOUT_REDIRECT] 
2024-01-21 00:50:49,872 [INFO] ApplicationProperties:184 - Using Application install path: C:\ST\STM32CubeIDE_1.13.2\STM32CubeIDE\plugins\com.st.stm32cube.common.mx_6.9.2.202309101412
2024-01-21 00:50:49,883 [INFO] DbMcusXml:78 - Set database path to: C:\ST\STM32CubeIDE_1.13.2\STM32CubeIDE\plugins\com.st.stm32cube.common.mx_6.9.2.202309101412\\db\/mcu/
2024-01-21 00:50:49,883 [INFO] ApiDb:274 - Set plugin database path to: C:\ST\STM32CubeIDE_1.13.2\STM32CubeIDE\plugins\com.st.stm32cube.common.mx_6.9.2.202309101412\\db\/plugins/boardmanager/
2024-01-21 00:50:49,883 [WARN] ApiDb:259 - Overriding images path with different value:  => C:\ST\STM32CubeIDE_1.13.2\STM32CubeIDE\plugins\com.st.stm32cube.common.mx_6.9.2.202309101412\\db\/plugins/mcufinder/images/
2024-01-21 00:50:49,890 [INFO] ApiDb:250 - Set database path to: C:\Users\xenon\.stmcufinder\plugins\mcufinder//mcu/
2024-01-21 00:50:49,891 [INFO] DbMcusAds:125 - Set database path to: C:\Users\xenon\.stmcufinder\plugins\mcufinder//mcu/
2024-01-21 00:50:49,892 [INFO] CrossReferenceDbSqlite:203 - Set database path to: C:\Users\xenon\.stmcufinder\plugins\mcufinder//mcu/cs/
2024-01-21 00:50:49,966 [INFO] RulesReader:64 - Compatibility file has been processed (293 Rules)
2024-01-21 00:50:50,024 [INFO] DbMcusXml:78 - Set database path to: C:\ST\STM32CubeIDE_1.13.2\STM32CubeIDE\plugins\com.st.stm32cube.common.mx_6.9.2.202309101412\\db\/mcu/
2024-01-21 00:50:50,024 [INFO] ApiDb:274 - Set plugin database path to: C:\ST\STM32CubeIDE_1.13.2\STM32CubeIDE\plugins\com.st.stm32cube.common.mx_6.9.2.202309101412\\db\/plugins/boardmanager/
2024-01-21 00:50:50,024 [INFO] ApiDb:261 - Set plugin images path to: C:\ST\STM32CubeIDE_1.13.2\STM32CubeIDE\plugins\com.st.stm32cube.common.mx_6.9.2.202309101412\\db\/plugins/mcufinder/images/
2024-01-21 00:50:50,024 [WARN] DbFile:41 - Overriding database path with different value: C:\Users\xenon\.stmcufinder\plugins\mcufinder/ => C:\Users\xenon\.stmcufinder\plugins\mcufinder
2024-01-21 00:50:50,025 [INFO] ApiDb:250 - Set database path to: C:\Users\xenon\.stmcufinder\plugins\mcufinder//mcu/
2024-01-21 00:50:50,025 [WARN] DbFile:41 - Overriding database path with different value: C:\Users\xenon\.stmcufinder\plugins\mcufinder/ => C:\Users\xenon\.stmcufinder\plugins\mcufinder
2024-01-21 00:50:50,025 [INFO] DbMcusAds:125 - Set database path to: C:\Users\xenon\.stmcufinder\plugins\mcufinder//mcu/
2024-01-21 00:50:50,025 [WARN] DbFile:41 - Overriding database path with different value: C:\Users\xenon\.stmcufinder\plugins\mcufinder/ => C:\Users\xenon\.stmcufinder\plugins\mcufinder
2024-01-21 00:50:50,025 [WARN] DbFile:41 - Overriding database path with different value: C:\Users\xenon\.stmcufinder\plugins\mcufinder/ => C:\Users\xenon\.stmcufinder\plugins\mcufinder
2024-01-21 00:50:50,025 [INFO] CrossReferenceDbSqlite:203 - Set database path to: C:\Users\xenon\.stmcufinder\plugins\mcufinder//mcu/cs/
2024-01-21 00:50:50,083 [INFO] MainPanel:262 - HeapMemory: 268435456
2024-01-21 00:50:50,135 [INFO] DbMcusXml:78 - Set database path to: C:\ST\STM32CubeIDE_1.13.2\STM32CubeIDE\plugins\com.st.stm32cube.common.mx_6.9.2.202309101412\\db\/mcu/
2024-01-21 00:50:50,135 [INFO] ApiDb:274 - Set plugin database path to: C:\ST\STM32CubeIDE_1.13.2\STM32CubeIDE\plugins\com.st.stm32cube.common.mx_6.9.2.202309101412\\db\/plugins/boardmanager/
2024-01-21 00:50:50,135 [INFO] ApiDb:261 - Set plugin images path to: C:\ST\STM32CubeIDE_1.13.2\STM32CubeIDE\plugins\com.st.stm32cube.common.mx_6.9.2.202309101412\\db\/plugins/mcufinder/images/
2024-01-21 00:50:50,135 [WARN] DbFile:41 - Overriding database path with different value: C:\Users\xenon\.stmcufinder\plugins\mcufinder/ => C:\Users\xenon\.stmcufinder\plugins\mcufinder
2024-01-21 00:50:50,135 [INFO] ApiDb:250 - Set database path to: C:\Users\xenon\.stmcufinder\plugins\mcufinder//mcu/
2024-01-21 00:50:50,136 [WARN] DbFile:41 - Overriding database path with different value: C:\Users\xenon\.stmcufinder\plugins\mcufinder/ => C:\Users\xenon\.stmcufinder\plugins\mcufinder
2024-01-21 00:50:50,136 [INFO] DbMcusAds:125 - Set database path to: C:\Users\xenon\.stmcufinder\plugins\mcufinder//mcu/
2024-01-21 00:50:50,136 [WARN] DbFile:41 - Overriding database path with different value: C:\Users\xenon\.stmcufinder\plugins\mcufinder/ => C:\Users\xenon\.stmcufinder\plugins\mcufinder
2024-01-21 00:50:50,136 [WARN] DbFile:41 - Overriding database path with different value: C:\Users\xenon\.stmcufinder\plugins\mcufinder/ => C:\Users\xenon\.stmcufinder\plugins\mcufinder
2024-01-21 00:50:50,136 [INFO] CrossReferenceDbSqlite:203 - Set database path to: C:\Users\xenon\.stmcufinder\plugins\mcufinder//mcu/cs/
2024-01-21 00:50:50,147 [INFO] ApplicationProperties:184 - Using Application install path: C:\ST\STM32CubeIDE_1.13.2\STM32CubeIDE\plugins\com.st.stm32cube.common.mx_6.9.2.202309101412
2024-01-21 00:50:50,148 [INFO] PluginManage:196 - Search for loadable plugins [exclusion list=, ]
2024-01-21 00:50:50,149 [INFO] PluginManage:310 - Check plugin analytics
2024-01-21 00:50:50,257 [INFO] AnalyticsPlugin:253 - Accepted Software Licenses: 
2024-01-21 00:50:50,257 [INFO] AnalyticsPlugin:255 - Accepted CMSIS Pack Licenses: 
2024-01-21 00:50:50,257 [INFO] AnalyticsPlugin:257 - Accepted Firmware Licenses: FW.F4.1.27.0,FW.H7.1.11.0
2024-01-21 00:50:50,259 [INFO] PluginManage:359 - Loaded plugin analytics (category:tool,tabindex:-1)
2024-01-21 00:50:50,259 [INFO] PluginManage:310 - Check plugin cadmodel
2024-01-21 00:50:50,262 [INFO] CADModel:105 - Init CAD model plugin
2024-01-21 00:50:50,262 [INFO] PluginManage:359 - Loaded plugin cadmodel (category:power,tabindex:5)
2024-01-21 00:50:50,262 [INFO] PluginManage:310 - Check plugin clock
2024-01-21 00:50:50,268 [INFO] PluginManage:359 - Loaded plugin clock (category:base,tabindex:2)
2024-01-21 00:50:50,268 [INFO] PluginManage:310 - Check plugin ddr
2024-01-21 00:50:50,270 [INFO] PluginManage:359 - Loaded plugin ddr (category:tool,tabindex:6)
2024-01-21 00:50:50,270 [INFO] PluginManage:310 - Check plugin filemanager
2024-01-21 00:50:50,361 [INFO] PluginManage:359 - Loaded plugin filemanager (category:base,tabindex:10)
2024-01-21 00:50:50,361 [INFO] PluginManage:310 - Check plugin ipmanager
2024-01-21 00:50:50,366 [INFO] PluginManage:359 - Loaded plugin ipmanager (category:base,tabindex:5)
2024-01-21 00:50:50,367 [INFO] PluginManage:310 - Check plugin lpbam
2024-01-21 00:50:50,374 [INFO] PluginManage:359 - Loaded plugin lpbam (category:base,tabindex:0)
2024-01-21 00:50:50,374 [INFO] PluginManage:310 - Check plugin memorymap
2024-01-21 00:50:50,382 [INFO] PluginManage:359 - Loaded plugin memorymap (category:base,tabindex:4)
2024-01-21 00:50:50,383 [INFO] PluginManage:310 - Check plugin pinoutandconfiguration
2024-01-21 00:50:50,388 [INFO] PluginManage:359 - Loaded plugin pinoutandconfiguration (category:base,tabindex:1)
2024-01-21 00:50:50,389 [INFO] PluginManage:310 - Check plugin pinoutconfig
2024-01-21 00:50:50,472 [WARN] SupportedApi:132 - Cannot load RTOS API schema: s4s-elt-must-match.1: The content of 'definitions' must match (annotation?, (simpleType | complexType)?, (unique | key | keyref)*)). A problem was found starting at: attribute.
2024-01-21 00:50:50,562 [INFO] PluginManage:359 - Loaded plugin pinoutconfig (category:base,tabindex:0)
2024-01-21 00:50:50,562 [INFO] PluginManage:310 - Check plugin power
2024-01-21 00:50:50,567 [INFO] PluginManage:359 - Loaded plugin power (category:power,tabindex:4)
2024-01-21 00:50:50,567 [INFO] PluginManage:310 - Check plugin projectmanager
2024-01-21 00:50:50,577 [INFO] PluginManage:359 - Loaded plugin projectmanager (category:projectmanager,tabindex:3)
2024-01-21 00:50:50,577 [INFO] PluginManage:310 - Check plugin thirdparty
2024-01-21 00:50:50,668 [INFO] PluginManage:359 - Loaded plugin thirdparty (category:base,tabindex:-1)
2024-01-21 00:50:50,668 [INFO] PluginManage:310 - Check plugin tools
2024-01-21 00:50:50,668 [WARN] IntegrityCheckThread:84 - waiting for thirdparty lock release [integrity check]
2024-01-21 00:50:50,668 [INFO] IntegrityCheckThread:86 - entering critical section [integrity check]
2024-01-21 00:50:50,669 [INFO] ThirdPartyUpdaterWithRetryManager:70 - Updater plugin not ready yet. [1/15]
2024-01-21 00:50:50,670 [INFO] PluginManage:359 - Loaded plugin tools (category:base,tabindex:7)
2024-01-21 00:50:50,671 [INFO] PluginManage:310 - Check plugin tutovideos
2024-01-21 00:50:50,803 [INFO] PluginManage:359 - Loaded plugin tutovideos (category:base,tabindex:-1)
2024-01-21 00:50:50,803 [INFO] PluginManage:310 - Check plugin updater
2024-01-21 00:50:50,811 [INFO] PluginManage:359 - Loaded plugin updater (category:base,tabindex:12)
2024-01-21 00:50:50,811 [INFO] PluginManage:310 - Check plugin userauth
2024-01-21 00:50:50,815 [INFO] UserAuth:113 - Init User Auth plugin
2024-01-21 00:50:50,815 [INFO] PluginManage:359 - Loaded plugin userauth (category:base,tabindex:14)
2024-01-21 00:50:50,815 [INFO] PluginManage:283 - PluginManage : Loaded plugins [17]
2024-01-21 00:50:50,964 [INFO] PinOutPanel:1499 - setPackage(No Configuration,No Configuration)
2024-01-21 00:50:51,051 [INFO] CADModel:165 - CPN selected for project level
2024-01-21 00:50:51,051 [INFO] CADModel:114 - Register for checkConnection events
2024-01-21 00:50:51,062 [INFO] IPUIPlugin:80 - create IPUIPlugin
2024-01-21 00:50:51,063 [INFO] PluginManager:220 - loadIPPluginJar : add adc
2024-01-21 00:50:51,064 [INFO] IPUIPlugin:80 - create IPUIPlugin
2024-01-21 00:50:51,064 [INFO] PluginManager:220 - loadIPPluginJar : add aes
2024-01-21 00:50:51,066 [INFO] IPUIPlugin:80 - create IPUIPlugin
2024-01-21 00:50:51,066 [INFO] PluginManager:220 - loadIPPluginJar : add can
2024-01-21 00:50:51,067 [INFO] IPUIPlugin:80 - create IPUIPlugin
2024-01-21 00:50:51,067 [INFO] PluginManager:220 - loadIPPluginJar : add comp
2024-01-21 00:50:51,068 [INFO] IPUIPlugin:80 - create IPUIPlugin
2024-01-21 00:50:51,068 [INFO] PluginManager:220 - loadIPPluginJar : add cryp
2024-01-21 00:50:51,070 [INFO] IPUIPlugin:80 - create IPUIPlugin
2024-01-21 00:50:51,070 [INFO] PluginManager:220 - loadIPPluginJar : add dfsdm
2024-01-21 00:50:51,074 [INFO] IPUIPlugin:80 - create IPUIPlugin
2024-01-21 00:50:51,074 [INFO] PluginManager:220 - loadIPPluginJar : add dma
2024-01-21 00:50:51,076 [INFO] IPUIPlugin:80 - create IPUIPlugin
2024-01-21 00:50:51,076 [INFO] PluginManager:220 - loadIPPluginJar : add dma3
2024-01-21 00:50:51,077 [INFO] IPUIPlugin:80 - create IPUIPlugin
2024-01-21 00:50:51,077 [INFO] PluginManager:220 - loadIPPluginJar : add fatfs
2024-01-21 00:50:51,080 [INFO] IPUIPlugin:80 - create IPUIPlugin
2024-01-21 00:50:51,080 [INFO] PluginManager:220 - loadIPPluginJar : add fmc
2024-01-21 00:50:51,084 [INFO] IPUIPlugin:80 - create IPUIPlugin
2024-01-21 00:50:51,084 [INFO] PluginManager:220 - loadIPPluginJar : add freertos
2024-01-21 00:50:51,086 [INFO] IPUIPlugin:80 - create IPUIPlugin
2024-01-21 00:50:51,086 [INFO] PluginManager:220 - loadIPPluginJar : add genericplugin
2024-01-21 00:50:51,087 [INFO] IPUIPlugin:80 - create IPUIPlugin
2024-01-21 00:50:51,087 [INFO] PluginManager:220 - loadIPPluginJar : add gfxmmu
2024-01-21 00:50:51,091 [INFO] IPUIPlugin:80 - create IPUIPlugin
2024-01-21 00:50:51,092 [INFO] PluginManager:220 - loadIPPluginJar : add gic
2024-01-21 00:50:51,094 [INFO] IPUIPlugin:80 - create IPUIPlugin
2024-01-21 00:50:51,094 [INFO] PluginManager:220 - loadIPPluginJar : add gpio
2024-01-21 00:50:51,096 [INFO] IPUIPlugin:80 - create IPUIPlugin
2024-01-21 00:50:51,096 [INFO] PluginManager:220 - loadIPPluginJar : add gtzc
2024-01-21 00:50:51,097 [INFO] IPUIPlugin:80 - create IPUIPlugin
2024-01-21 00:50:51,097 [INFO] PluginManager:220 - loadIPPluginJar : add hash
2024-01-21 00:50:51,099 [INFO] IPUIPlugin:80 - create IPUIPlugin
2024-01-21 00:50:51,099 [INFO] PluginManager:220 - loadIPPluginJar : add i2c
2024-01-21 00:50:51,101 [INFO] IPUIPlugin:80 - create IPUIPlugin
2024-01-21 00:50:51,101 [INFO] PluginManager:220 - loadIPPluginJar : add i2s
2024-01-21 00:50:51,103 [INFO] IPUIPlugin:80 - create IPUIPlugin
2024-01-21 00:50:51,103 [INFO] PluginManager:220 - loadIPPluginJar : add i3c
2024-01-21 00:50:51,105 [INFO] IPUIPlugin:80 - create IPUIPlugin
2024-01-21 00:50:51,105 [INFO] PluginManager:220 - loadIPPluginJar : add ipddr
2024-01-21 00:50:51,110 [INFO] IPUIPlugin:80 - create IPUIPlugin
2024-01-21 00:50:51,110 [INFO] PluginManager:220 - loadIPPluginJar : add linkedlist
2024-01-21 00:50:51,112 [INFO] IPUIPlugin:80 - create IPUIPlugin
2024-01-21 00:50:51,112 [INFO] PluginManager:220 - loadIPPluginJar : add lorawan
2024-01-21 00:50:51,113 [INFO] IPUIPlugin:80 - create IPUIPlugin
2024-01-21 00:50:51,113 [INFO] PluginManager:220 - loadIPPluginJar : add ltdc
2024-01-21 00:50:51,116 [INFO] IPUIPlugin:80 - create IPUIPlugin
2024-01-21 00:50:51,117 [INFO] PluginManager:220 - loadIPPluginJar : add mdma
2024-01-21 00:50:51,119 [INFO] IPUIPlugin:80 - create IPUIPlugin
2024-01-21 00:50:51,120 [INFO] PluginManager:220 - loadIPPluginJar : add nvic
2024-01-21 00:50:51,122 [INFO] IPUIPlugin:80 - create IPUIPlugin
2024-01-21 00:50:51,122 [INFO] PluginManager:220 - loadIPPluginJar : add opamp
2024-01-21 00:50:51,124 [INFO] IPUIPlugin:80 - create IPUIPlugin
2024-01-21 00:50:51,124 [INFO] PluginManager:220 - loadIPPluginJar : add openamp
2024-01-21 00:50:51,126 [INFO] IPUIPlugin:80 - create IPUIPlugin
2024-01-21 00:50:51,126 [INFO] PluginManager:220 - loadIPPluginJar : add pdm2pcm
2024-01-21 00:50:51,134 [INFO] IPUIPlugin:80 - create IPUIPlugin
2024-01-21 00:50:51,135 [INFO] PluginManager:220 - loadIPPluginJar : add plateformsettings
2024-01-21 00:50:51,136 [INFO] IPUIPlugin:80 - create IPUIPlugin
2024-01-21 00:50:51,136 [INFO] PluginManager:220 - loadIPPluginJar : add quadspi
2024-01-21 00:50:51,138 [INFO] IPUIPlugin:80 - create IPUIPlugin
2024-01-21 00:50:51,138 [INFO] PluginManager:220 - loadIPPluginJar : add resmgrutility
2024-01-21 00:50:51,140 [INFO] IPUIPlugin:80 - create IPUIPlugin
2024-01-21 00:50:51,140 [INFO] PluginManager:220 - loadIPPluginJar : add sai
2024-01-21 00:50:51,141 [INFO] IPUIPlugin:80 - create IPUIPlugin
2024-01-21 00:50:51,141 [INFO] PluginManager:220 - loadIPPluginJar : add spi
2024-01-21 00:50:51,144 [INFO] IPUIPlugin:80 - create IPUIPlugin
2024-01-21 00:50:51,144 [INFO] PluginManager:220 - loadIPPluginJar : add stm32_wpan
2024-01-21 00:50:51,145 [INFO] IPUIPlugin:80 - create IPUIPlugin
2024-01-21 00:50:51,145 [INFO] PluginManager:220 - loadIPPluginJar : add tim
2024-01-21 00:50:51,147 [INFO] IPUIPlugin:80 - create IPUIPlugin
2024-01-21 00:50:51,147 [INFO] PluginManager:220 - loadIPPluginJar : add touchsensing
2024-01-21 00:50:51,148 [INFO] IPUIPlugin:80 - create IPUIPlugin
2024-01-21 00:50:51,148 [INFO] PluginManager:220 - loadIPPluginJar : add tracer_emb
2024-01-21 00:50:51,149 [INFO] IPUIPlugin:80 - create IPUIPlugin
2024-01-21 00:50:51,149 [INFO] PluginManager:220 - loadIPPluginJar : add ts
2024-01-21 00:50:51,150 [INFO] IPUIPlugin:80 - create IPUIPlugin
2024-01-21 00:50:51,150 [INFO] PluginManager:220 - loadIPPluginJar : add tsc
2024-01-21 00:50:51,151 [INFO] IPUIPlugin:80 - create IPUIPlugin
2024-01-21 00:50:51,151 [INFO] PluginManager:220 - loadIPPluginJar : add ucpd
2024-01-21 00:50:51,153 [INFO] IPUIPlugin:80 - create IPUIPlugin
2024-01-21 00:50:51,153 [INFO] PluginManager:220 - loadIPPluginJar : add usart
2024-01-21 00:50:51,154 [INFO] IPUIPlugin:80 - create IPUIPlugin
2024-01-21 00:50:51,154 [INFO] PluginManager:220 - loadIPPluginJar : add usbx
2024-01-21 00:50:51,265 [INFO] CADModel:165 - CPN selected for project level
2024-01-21 00:50:51,266 [INFO] CADModel:114 - Register for checkConnection events
2024-01-21 00:50:51,266 [FATAL] Updater:308 - Updater called before beeing initialized
2024-01-21 00:50:51,266 [ERROR] CADModel:125 - Updater not yet initialized, retry later 
2024-01-21 00:50:51,352 [INFO] CADModel:165 - CPN selected for project level
2024-01-21 00:50:51,352 [INFO] CADModel:114 - Register for checkConnection events
2024-01-21 00:50:51,352 [FATAL] Updater:308 - Updater called before beeing initialized
2024-01-21 00:50:51,352 [ERROR] CADModel:125 - Updater not yet initialized, retry later 
2024-01-21 00:50:51,354 [FATAL] Updater:308 - Updater called before beeing initialized
2024-01-21 00:50:51,435 [FATAL] Updater:308 - Updater called before beeing initialized
2024-01-21 00:50:51,439 [INFO] DbMcusAds:53 - JSON generation date=Wed Nov 29 11:52:27 CET 2023 (1701255147349)
2024-01-21 00:50:51,439 [FATAL] Updater:308 - Updater called before beeing initialized
2024-01-21 00:50:51,464 [WARN] DetailPanel:346 - Failed to get advertising image, set to default
2024-01-21 00:50:51,545 [FATAL] Updater:308 - Updater called before beeing initialized
2024-01-21 00:50:51,546 [FATAL] Updater:308 - Updater called before beeing initialized
2024-01-21 00:50:51,546 [FATAL] Updater:308 - Updater called before beeing initialized
2024-01-21 00:50:51,546 [WARN] DetailPanel:346 - Failed to get advertising image, set to default
2024-01-21 00:50:51,547 [FATAL] Updater:308 - Updater called before beeing initialized
2024-01-21 00:50:51,577 [ERROR] Updater:1120 - MainUpdater not yet initialized. External WinMGr cannot be set.
2024-01-21 00:50:51,580 [INFO] Updater:1056 - Updater Version found : 6.9.2
2024-01-21 00:50:51,595 [INFO] ApplicationProperties:184 - Using Application install path: C:\ST\STM32CubeIDE_1.13.2\STM32CubeIDE\plugins\com.st.stm32cube.common.mx_6.9.2.202309101412
2024-01-21 00:50:51,689 [INFO] MainUpdater:2868 - connection check result : 10
2024-01-21 00:50:51,690 [INFO] MainUpdater:285 - Updater Check For Update Now.
2024-01-21 00:50:51,690 [INFO] MicroXplorer:498 - Change Database Version : DB.6.0.92
2024-01-21 00:50:51,694 [INFO] McuFinderGlobals:63 - Set McuFinder mode to 2 (CubeIDE integrated)
2024-01-21 00:50:51,866 [INFO] CheckServerUpdateThread:120 - End of CheckServer Thread
2024-01-21 00:50:53,792 [WARN] PackLoader:240 - Cannot read IP mode file for STMicroelectronics.X-CUBE-SMBUS.2.1.0
2024-01-21 00:50:53,797 [WARN] PackLoader:240 - Cannot read IP mode file for STMicroelectronics.X-CUBE-TOUCHGFX.4.23.0
2024-01-21 00:50:53,821 [WARN] PackLoader:240 - Cannot read IP mode file for STMicroelectronics.X-CUBE-AZRTOS-F7.1.1.0
2024-01-21 00:50:53,829 [WARN] PackLoader:240 - Cannot read IP mode file for STMicroelectronics.FP-SNS-MOTENV1.4.3.2
2024-01-21 00:50:53,836 [WARN] PackLoader:240 - Cannot read IP mode file for STMicroelectronics.FP-SNS-FLIGHT1.5.0.2
2024-01-21 00:50:53,843 [WARN] PackLoader:240 - Cannot read IP mode file for STMicroelectronics.X-CUBE-DISPLAY.3.0.0
2024-01-21 00:50:53,852 [WARN] PackLoader:240 - Cannot read IP mode file for STMicroelectronics.X-CUBE-BLE1.7.0.0
2024-01-21 00:50:53,858 [WARN] PackLoader:240 - Cannot read IP mode file for emotas.I-CUBE-CANOPEN.1.3.0
2024-01-21 00:50:53,860 [WARN] PackLoader:240 - Cannot read IP mode file for STMicroelectronics.X-CUBE-TOUCHGFX.4.22.1
2024-01-21 00:50:53,864 [WARN] PackLoader:240 - Cannot read IP mode file for STMicroelectronics.FP-SNS-SMARTAG2.1.2.0
2024-01-21 00:50:53,874 [INFO] LogOutputStream:77 - [STDOUT_REDIRECT] 1 : Invalid condition id : UX_CORESTACK_Condition cause : null
2024-01-21 00:50:53,875 [INFO] LogOutputStream:77 - [STDOUT_REDIRECT] 1 : Invalid condition id : UX_CORESTACK_Condition cause : null
2024-01-21 00:50:53,876 [INFO] LogOutputStream:77 - [STDOUT_REDIRECT] 1 : Invalid condition id : UX_CORESTACK_Condition cause : null
2024-01-21 00:50:53,876 [INFO] LogOutputStream:77 - [STDOUT_REDIRECT] 1 : Invalid condition id : UX_CORESTACK_Condition cause : null
2024-01-21 00:50:53,877 [INFO] LogOutputStream:77 - [STDOUT_REDIRECT] 1 : Invalid condition id : UX_CORESTACK_Condition cause : null
2024-01-21 00:50:53,880 [WARN] PackLoader:240 - Cannot read IP mode file for STMicroelectronics.X-CUBE-AZRTOS-WL.2.0.0
2024-01-21 00:50:53,889 [WARN] PackLoader:240 - Cannot read IP mode file for WES.I-CUBE-Cesium.1.3.0
2024-01-21 00:50:53,894 [WARN] PackLoader:240 - Cannot read IP mode file for STMicroelectronics.X-CUBE-BLE2.3.3.0
2024-01-21 00:50:53,899 [WARN] PackLoader:240 - Cannot read IP mode file for STMicroelectronics.X-CUBE-ALGOBUILD.1.3.0
2024-01-21 00:50:53,912 [WARN] PackLoader:240 - Cannot read IP mode file for STMicroelectronics.X-CUBE-AZRTOS-G0.1.1.0
2024-01-21 00:50:53,918 [WARN] PackLoader:240 - Cannot read IP mode file for STMicroelectronics.X-CUBE-NFC4.3.0.0
2024-01-21 00:50:53,926 [WARN] PackLoader:240 - Cannot read IP mode file for STMicroelectronics.X-CUBE-BLEMGR.3.0.0
2024-01-21 00:50:53,930 [WARN] PackLoader:240 - Cannot read IP mode file for STMicroelectronics.FP-ATR-SIGFOX1.3.2.0
2024-01-21 00:50:53,934 [WARN] PackLoader:240 - Cannot read IP mode file for STMicroelectronics.X-CUBE-GNSS1.6.0.0
2024-01-21 00:50:53,949 [WARN] PackLoader:240 - Cannot read IP mode file for STMicroelectronics.X-CUBE-AZRTOS-F4.1.1.0
2024-01-21 00:50:53,955 [WARN] PackLoader:240 - Cannot read IP mode file for wolfSSL.I-CUBE-wolfSSL.5.6.3
2024-01-21 00:50:53,964 [WARN] PackLoader:240 - Cannot read IP mode file for STMicroelectronics.X-CUBE-AZRTOS-L5.2.0.0
2024-01-21 00:50:53,975 [WARN] PackLoader:240 - Cannot read IP mode file for STMicroelectronics.X-CUBE-EEPRMA1.4.2.0
2024-01-21 00:50:53,982 [WARN] PackLoader:240 - Cannot read IP mode file for ITTIA_DB.I-CUBE-ITTIADB.8.8.0
2024-01-21 00:50:53,988 [WARN] PackLoader:240 - Cannot read IP mode file for STMicroelectronics.X-CUBE-BLEMGR.2.0.0
2024-01-21 00:50:54,002 [WARN] ConditionMgr:438 - getConditionDescription Invalid condition id : UX DEVICE CLASS RTOS Condition cause : null
2024-01-21 00:50:54,002 [WARN] ConditionMgr:438 - getConditionDescription Invalid condition id : UX DEVICE CLASS RTOS Condition cause : null
2024-01-21 00:50:54,012 [WARN] PackLoader:240 - Cannot read IP mode file for STMicroelectronics.X-CUBE-AZRTOS-H7.3.1.0
2024-01-21 00:50:54,013 [WARN] ConditionMgr:1039 - genDependencies : Invalid condition id : UX DEVICE CLASS RTOS Condition cause : null
2024-01-21 00:50:54,014 [WARN] ConditionMgr:1039 - genDependencies : Invalid condition id : UX DEVICE CLASS RTOS Condition cause : null
2024-01-21 00:50:54,014 [WARN] ConditionMgr:1039 - genDependencies : Invalid condition id : UX DEVICE CLASS RTOS Condition cause : null
2024-01-21 00:50:54,014 [WARN] ConditionMgr:1039 - genDependencies : Invalid condition id : UX DEVICE CLASS RTOS Condition cause : null
2024-01-21 00:50:54,014 [WARN] ConditionMgr:1039 - genDependencies : Invalid condition id : UX DEVICE CLASS RTOS Condition cause : null
2024-01-21 00:50:54,021 [WARN] PackLoader:240 - Cannot read IP mode file for STMicroelectronics.X-CUBE-NFC7.1.0.1
2024-01-21 00:50:54,026 [WARN] PackLoader:240 - Cannot read IP mode file for STMicroelectronics.X-CUBE-NFC6.3.0.0
2024-01-21 00:50:54,043 [WARN] PackLoader:240 - Cannot read IP mode file for STMicroelectronics.X-CUBE-AI.8.1.0
2024-01-21 00:50:54,053 [WARN] ConditionMgr:438 - getConditionDescription Invalid condition id : LAN8742 Phy interface Condition cause : null
2024-01-21 00:50:54,054 [WARN] PackLoader:240 - Cannot read IP mode file for STMicroelectronics.X-CUBE-AZRTOS-L4.2.0.0
2024-01-21 00:50:54,055 [WARN] ConditionMgr:1039 - genDependencies : Invalid condition id : LAN8742 Phy interface Condition cause : null
2024-01-21 00:50:54,055 [WARN] ConditionMgr:1039 - genDependencies : Invalid condition id : LAN8742 Phy interface Condition cause : null
2024-01-21 00:50:54,055 [WARN] ConditionMgr:1039 - genDependencies : Invalid condition id : LAN8742 Phy interface Condition cause : null
2024-01-21 00:50:54,061 [WARN] PackLoader:240 - Cannot read IP mode file for STMicroelectronics.X-CUBE-SFXS2LP1.4.0.0
2024-01-21 00:50:54,066 [WARN] PackLoader:240 - Cannot read IP mode file for STMicroelectronics.X-CUBE-ISPU.1.1.0
2024-01-21 00:50:54,073 [WARN] ConditionMgr:438 - getConditionDescription Invalid condition id : UX DEVICE CLASS RTOS Condition cause : null
2024-01-21 00:50:54,073 [WARN] ConditionMgr:438 - getConditionDescription Invalid condition id : UX DEVICE CLASS RTOS Condition cause : null
2024-01-21 00:50:54,074 [WARN] PackLoader:240 - Cannot read IP mode file for STMicroelectronics.X-CUBE-AZRTOS-WB.2.0.0
2024-01-21 00:50:54,075 [WARN] ConditionMgr:1039 - genDependencies : Invalid condition id : UX DEVICE CLASS RTOS Condition cause : null
2024-01-21 00:50:54,075 [WARN] ConditionMgr:1039 - genDependencies : Invalid condition id : UX DEVICE CLASS RTOS Condition cause : null
2024-01-21 00:50:54,075 [WARN] ConditionMgr:1039 - genDependencies : Invalid condition id : UX DEVICE CLASS RTOS Condition cause : null
2024-01-21 00:50:54,075 [WARN] ConditionMgr:1039 - genDependencies : Invalid condition id : UX DEVICE CLASS RTOS Condition cause : null
2024-01-21 00:50:54,075 [WARN] ConditionMgr:1039 - genDependencies : Invalid condition id : UX DEVICE CLASS RTOS Condition cause : null
2024-01-21 00:50:54,081 [WARN] PackLoader:240 - Cannot read IP mode file for STMicroelectronics.X-CUBE-SUBG2.5.0.0
2024-01-21 00:50:54,089 [WARN] PackLoader:240 - Cannot read IP mode file for STMicroelectronics.X-CUBE-TOF1.3.3.1
2024-01-21 00:50:54,103 [WARN] PackLoader:240 - Cannot read IP mode file for STMicroelectronics.X-CUBE-AZRTOS-G4.2.0.0
2024-01-21 00:50:54,113 [WARN] PackLoader:240 - Cannot read IP mode file for Infineon.AIROC-Wi-Fi-Bluetooth-STM32.1.5.1
2024-01-21 00:50:54,120 [WARN] PackLoader:240 - Cannot read IP mode file for STMicroelectronics.FP-SNS-MOTENVWB1.1.3.0
2024-01-21 00:50:54,123 [WARN] PackLoader:240 - Cannot read IP mode file for STMicroelectronics.FP-SNS-MOTENVWB1.1.3.1
2024-01-21 00:50:54,125 [WARN] PackLoader:240 - Cannot read IP mode file for STMicroelectronics.X-CUBE-ISPU.2.0.0
2024-01-21 00:50:54,152 [WARN] PackLoader:240 - Cannot read IP mode file for STMicroelectronics.X-CUBE-MEMS1.10.0.0
2024-01-21 00:50:54,235 [WARN] PackLoader:240 - Cannot read IP mode file for STMicroelectronics.X-CUBE-FREERTOS.1.1.0
2024-01-21 00:50:54,239 [WARN] PackLoader:240 - Cannot read IP mode file for portGmbH.I-Cube-SoM-uGOAL.1.1.0
2024-01-21 00:50:54,242 [WARN] PackLoader:240 - Cannot read IP mode file for STMicroelectronics.X-CUBE-ALS.1.0.1
2024-01-21 00:50:54,245 [WARN] PackLoader:240 - Cannot read IP mode file for STMicroelectronics.FP-ATR-ASTRA1.2.0.0
2024-01-21 00:50:54,251 [WARN] PackLoader:240 - Cannot read IP mode file for STMicroelectronics.X-CUBE-TOF1.3.4.0
2024-01-21 00:50:54,265 [WARN] PackLoader:240 - Cannot read IP mode file for STMicroelectronics.X-CUBE-AZRTOS-H7.3.2.0
2024-01-21 00:50:54,267 [INFO] ThirdParty:978 - Integrity check success = true
2024-01-21 00:50:54,267 [INFO] IntegrityCheckThread:100 - exiting critical section [integrity check]
2024-01-21 00:50:54,267 [INFO] IntegrityCheckThread:103 - End integrity checks thread
2024-01-21 00:51:12,357 [ERROR] LogOutputStream:75 - [STDERR_REDIRECT] SLF4J: Failed to load class "org.slf4j.impl.StaticLoggerBinder".
2024-01-21 00:51:12,358 [ERROR] LogOutputStream:75 - [STDERR_REDIRECT] SLF4J: Defaulting to no-operation (NOP) logger implementation
2024-01-21 00:51:12,359 [ERROR] LogOutputStream:75 - [STDERR_REDIRECT] SLF4J: See http://www.slf4j.org/codes.html#StaticLoggerBinder for further details.
2024-01-21 00:59:15,392 [INFO] McuFinderGlobals:63 - Set McuFinder mode to 2 (CubeIDE integrated)
2024-01-21 00:59:16,495 [INFO] MainUpdater:2868 - connection check result : 10
2024-01-21 00:59:16,495 [INFO] MainUpdater:2868 - connection check result : 10
2024-01-21 00:59:16,518 [INFO] MicroXplorer:468 - Change Database Path : 
2024-01-21 00:59:16,518 [INFO] MicroXplorer:498 - Change Database Version : DB.6.0.92
2024-01-21 00:59:16,520 [WARN] ThirdParty:871 - waiting for thirdparty lock release [close project]
2024-01-21 00:59:16,520 [INFO] ThirdParty:873 - entering critical section [close project]
2024-01-21 00:59:16,521 [INFO] ThirdParty:883 - exiting critical section [close project]
2024-01-21 00:59:16,522 [INFO] PinOutPanel:1499 - setPackage(No Configuration,No Configuration)
2024-01-21 00:59:16,525 [INFO] UtilMem:75 - Begin LoadConfig() Used Memory: 637007944 Bytes (961544192)
2024-01-21 00:59:16,526 [INFO] MicroXplorer:468 - Change Database Path : 
2024-01-21 00:59:16,526 [INFO] MicroXplorer:498 - Change Database Version : DB.6.0.92
2024-01-21 00:59:16,526 [INFO] OpenFileManager:308 - Change cursor
2024-01-21 00:59:16,542 [INFO] Mcu:1946 - Initializing MCU STM32L073R(B-Z)Tx STM32L073RZTx STM32L073RZT3
2024-01-21 00:59:17,303 [INFO] Context:659 - Trying to add GPIOservice into a context  which must be forbidden
2024-01-21 00:59:17,550 [INFO] RtosManager:555 - Registered RTOS mode: class=CMSIS, group=RTOS, mode=CMSIS_V1, owner=FREERTOS
2024-01-21 00:59:17,550 [INFO] RtosManager:555 - Registered RTOS mode: class=CMSIS, group=RTOS2, mode=CMSIS_V2, owner=FREERTOS
2024-01-21 00:59:17,550 [INFO] RtosManager:555 - Registered RTOS mode: class=RTOS, group=Core, mode=CMSIS_V1, owner=FREERTOS
2024-01-21 00:59:17,550 [INFO] RtosManager:555 - Registered RTOS mode: class=RTOS, group=Core, mode=CMSIS_V2, owner=FREERTOS
2024-01-21 00:59:17,550 [WARN] ModelIntegratedComponent:184 - Missing modes for component STMicroelectronics:FreeRTOS:0.0.1:STMicroelectronics:RTOS:FreeRTOS:Core:::10.2.0:
2024-01-21 00:59:17,565 [WARN] ModelIntegratedComponent:63 - No mode defined for component null
2024-01-21 00:59:17,566 [WARN] ModelIntegratedComponent:63 - No mode defined for component null
2024-01-21 00:59:17,566 [WARN] ModelIntegratedComponent:63 - No mode defined for component null
2024-01-21 00:59:17,566 [WARN] ModelIntegratedComponent:63 - No mode defined for component null
2024-01-21 00:59:17,566 [WARN] ModelIntegratedComponent:63 - No mode defined for component null
2024-01-21 00:59:17,566 [WARN] ModelIntegratedComponent:63 - No mode defined for component null
2024-01-21 00:59:17,566 [WARN] ModelIntegratedComponent:63 - No mode defined for component null
2024-01-21 00:59:17,566 [WARN] ModelIntegratedComponent:63 - No mode defined for component null
2024-01-21 00:59:17,566 [WARN] ModelIntegratedComponent:63 - No mode defined for component null
2024-01-21 00:59:17,566 [WARN] ModelIntegratedComponent:63 - No mode defined for component null
2024-01-21 00:59:17,566 [WARN] ModelIntegratedComponent:63 - No mode defined for component null
2024-01-21 00:59:17,566 [WARN] ModelIntegratedComponent:63 - No mode defined for component null
2024-01-21 00:59:17,566 [WARN] ModelIntegratedComponent:63 - No mode defined for component null
2024-01-21 00:59:17,566 [WARN] ModelIntegratedComponent:63 - No mode defined for component null
2024-01-21 00:59:17,566 [WARN] ModelIntegratedComponent:63 - No mode defined for component null
2024-01-21 00:59:17,566 [WARN] ModelIntegratedComponent:63 - No mode defined for component null
2024-01-21 00:59:17,566 [WARN] ModelIntegratedComponent:63 - No mode defined for component null
2024-01-21 00:59:17,566 [WARN] ModelIntegratedComponent:63 - No mode defined for component null
2024-01-21 00:59:17,566 [WARN] ModelIntegratedComponent:63 - No mode defined for component null
2024-01-21 00:59:17,566 [WARN] ModelIntegratedComponent:63 - No mode defined for component null
2024-01-21 00:59:17,566 [WARN] ModelIntegratedComponent:63 - No mode defined for component null
2024-01-21 00:59:17,566 [WARN] ModelIntegratedComponent:63 - No mode defined for component null
2024-01-21 00:59:17,566 [WARN] ModelIntegratedComponent:63 - No mode defined for component null
2024-01-21 00:59:17,566 [WARN] ModelIntegratedComponent:63 - No mode defined for component null
2024-01-21 00:59:17,566 [WARN] ModelIntegratedComponent:63 - No mode defined for component null
2024-01-21 00:59:17,566 [WARN] ModelIntegratedComponent:63 - No mode defined for component null
2024-01-21 00:59:17,566 [WARN] ModelIntegratedComponent:63 - No mode defined for component null
2024-01-21 00:59:17,566 [WARN] ModelIntegratedComponent:63 - No mode defined for component null
2024-01-21 00:59:17,567 [WARN] ModelIntegratedComponent:63 - No mode defined for component null
2024-01-21 00:59:17,567 [WARN] ModelIntegratedComponent:63 - No mode defined for component null
2024-01-21 00:59:17,567 [WARN] ModelIntegratedComponent:63 - No mode defined for component null
2024-01-21 00:59:17,567 [WARN] ModelIntegratedComponent:63 - No mode defined for component null
2024-01-21 00:59:17,567 [WARN] ModelIntegratedComponent:63 - No mode defined for component null
2024-01-21 00:59:17,659 [INFO] ThirdPartyModel:298 - Start build external matchings
2024-01-21 00:59:17,890 [INFO] ThirdPartyModel:316 - End build external matchings
2024-01-21 00:59:17,900 [INFO] ImportTextPane:194 - (OptionalMessage_ERROR) IP (RCC) : Parameter (48USBFreq_Value) has invalid value (32000000)
2024-01-21 00:59:17,900 [INFO] ImportTextPane:194 - (OptionalMessage_ERROR) IP (RCC) : Invalid parameter (FamilyName)
2024-01-21 00:59:17,902 [INFO] ImportTextPane:194 - (OptionalMessage_ERROR) IP (RCC) : Invalid parameter (PWRFreq_Value)
2024-01-21 00:59:17,902 [INFO] ImportTextPane:194 - (OptionalMessage_ERROR) IP (RCC) : Parameter (RTCHSEDivFreq_Value) has invalid value (4000000)
2024-01-21 00:59:17,902 [INFO] ImportTextPane:194 - (OptionalMessage_ERROR) IP (RCC) : Invalid parameter (TIMFreq_Value)
2024-01-21 00:59:17,907 [WARN] IP:2114 - AutoBaudRateEnableParam not found: check if there is a RefParameter without a condition.
2024-01-21 00:59:18,082 [INFO] UtilMem:75 - End LoadConfig() Used Memory: 697990832 Bytes (1073741824)
2024-01-21 00:59:18,166 [INFO] ApiDb:581 - Connected to CubeFinder SQLite database (C:\Users\xenon\.stmcufinder\plugins\mcufinder\mcu\cube-finder-db.db)
2024-01-21 00:59:18,219 [INFO] ApiDb:668 - CubeFinder database Data Model version=2.1
2024-01-21 00:59:18,220 [INFO] ApiDb:669 - CubeFinder database Configuration version=3.0.39
2024-01-21 00:59:18,220 [INFO] ApiDb:670 - CubeFinder database generation date=2023-12-08 (1702028721)
2024-01-21 00:59:18,221 [INFO] ApiDb:671 - CubeFinder database FW Pack versions=[FP-ATR-ASTRA1_V2.0.0, FP-SNS-FLIGHT1_V5.0.1, FP-SNS-FLIGHT1_V5.0.2, FP-SNS-MOTENV1_V4.3.1, FP-SNS-MOTENV1_V4.3.2, FP-SNS-MOTENVWB1_V1.3.1, FP-SNS-SMARTAG2_V1.2.0, STM32Cube_FW_C0_V1.1.0, STM32Cube_FW_F4_V1.28.0, STM32Cube_FW_F7_V1.17.0, STM32Cube_FW_G0_V1.6.1, STM32Cube_FW_G4_V1.5.1, STM32Cube_FW_H5_V0.5.1, STM32Cube_FW_H5_V1.1.1, STM32Cube_FW_H5_V1.2.0RC2, STM32Cube_FW_H7_V1.11.0, STM32Cube_FW_L0_V1.12.2, STM32Cube_FW_L5_V1.5.0, STM32Cube_FW_U5_V1.3.0RC4, STM32Cube_FW_U5_V1.4.0, STM32Cube_FW_WBA_V1.0.0RC1, STM32Cube_FW_WBA_V1.1.0RC1, STM32Cube_FW_WBA_V1.2.0, STM32Cube_FW_WBA_V1.2.0RC2, STM32Cube_FW_WB_V1.15.0RC1, STM32Cube_FW_WB_V1.16.0, STM32Cube_FW_WB_V1.16.0RC2, STM32Cube_FW_WB_V1.18.0, STM32Cube_FW_WL_V1.3.0, X-CUBE-ALGOBUILD_V1.3.0, X-CUBE-ALS_V1.0.1, X-CUBE-AZRTOS-F4_V1.1.0, X-CUBE-AZRTOS-F7_V1.1.0, X-CUBE-AZRTOS-G0_V1.1.0, X-CUBE-AZRTOS-G4_V2.0.0, X-CUBE-AZRTOS-H7_V3.1.0, X-CUBE-AZRTOS-L4_V1.0.0, X-CUBE-AZRTOS-L4_V2.0.0, X-CUBE-AZRTOS-L5_V1.1.0, X-CUBE-AZRTOS-WB_V2.0.0, X-CUBE-AZRTOS-WL_V2.0.0, X-CUBE-BLE1_V7.0.0, X-CUBE-BLE2_V3.3.0, X-CUBE-BLEMGR_V3.0.0, X-CUBE-EEPRMA1_V4.1.0, X-CUBE-EEPRMA1_V4.2.0, X-CUBE-FREERTOS_V1.1.0, X-CUBE-GNSS1_V6.0.0, X-CUBE-MEMS1_V10.0.0, X-CUBE-MEMS1_V9.1.0, X-CUBE-MEMS1_V9.4.0, X-CUBE-MEMS1_V9.6.0, X-CUBE-NFC4_V3.0.0, X-CUBE-NFC7_V1.0.1, X-CUBE-SFXS2LP1_V4.0.0, X-CUBE-SUBG2_V5.0.0, X-CUBE-TOF1_V3.4.0]
2024-01-21 00:59:19,578 [INFO] ApiDb:240 - Found 323 in-development CPN: [B-G473E-ZEST1S, B-WB1M-WPAN1, B-WL5M-SUBG1, NUCLEO-C031C6, NUCLEO-H503RB, NUCLEO-H563ZI, NUCLEO-U545RE-Q, NUCLEO-U5A5ZJ-Q, NUCLEO-WBA52CG, STEVAL-PROTEUS1, STEVAL-SMARTAG2, STEVAL-STWINBX1, STM320518-EVAL, STM32C0116-DK, STM32C011D6Y3TR, STM32C011D6Y6TR, STM32C011F4P3, STM32C011F4P6, STM32C011F4U3, STM32C011F4U6TR, STM32C011F6P3, STM32C011F6P6, STM32C011F6U3, STM32C011F6U6TR, STM32C011J4M3, STM32C011J4M6, STM32C011J6M3, STM32C011J6M6, STM32C0316-DK, STM32C031C4T3, STM32C031C4T6, STM32C031C4U3, STM32C031C4U6, STM32C031C6T3, STM32C031C6T6, STM32C031C6U3, STM32C031C6U6, STM32C031F4P3, STM32C031F4P6, STM32C031F6P3, STM32C031F6P6, STM32C031G4U3, STM32C031G4U6, STM32C031G6U3, STM32C031G6U6, STM32C031K4T3, STM32C031K4T6, STM32C031K4U3, STM32C031K4U6, STM32C031K6T3, STM32C031K6T6, STM32C031K6U3, STM32C031K6U6, STM32G071K8TXN, STM32G071K8UXN, STM32G081GBU6N, STM32G081KBT6N, STM32G081KBUXN, STM32G0B1CCT6N, STM32G0B1KCT6, STM32G0B1NEY6TR, STM32G0B1RCT6N, STM32G0C1CCT6, STM32G0C1CCT6N, STM32G0C1CCU6N, STM32G0C1CET6N, STM32G0C1CEU6N, STM32G0C1KCT6, STM32G0C1NEY6TR, STM32G0C1RCI6N, STM32G0C1RCT6N, STM32G0C1REI6N, STM32G0C1RET6N, STM32G0C1VCI6, STM32G0C1VEI6, STM32G471CCT6, STM32G471CCU6, STM32G471CET3, STM32G471CET6, STM32G471CEU3, STM32G471CEU6, STM32G471MCT6, STM32G471MET3, STM32G471MET6, STM32G471MEY6TR, STM32G471QCT6, STM32G471QET3, STM32G471RCT6, STM32G471RET3, STM32G471RET6, STM32G471VCH6, STM32G471VCI6, STM32G471VCT6, STM32G471VEH3, STM32G471VEH6, STM32G471VEI3, STM32G471VEI6, STM32G471VET3, STM32G471VET6, STM32G474CCT6, STM32H503CBT6, STM32H503CBU6, STM32H503EBY6TR, STM32H503KBU6, STM32H503RBT6, STM32H562AGI6, STM32H562AII6, STM32H562IGK6, STM32H562IGT6, STM32H562IIK6, STM32H562IIT6, STM32H562RGT6, STM32H562RGV6, STM32H562RIT6, STM32H562RIV6, STM32H562VGT6, STM32H562VIT6, STM32H562ZGT6, STM32H562ZIT6, STM32H563AGI6, STM32H563AII3Q, STM32H563AII6, STM32H563IGK6, STM32H563IGT6, STM32H563IIK3Q, STM32H563IIK6, STM32H563IIT3Q, STM32H563IIT6, STM32H563MIY3QTR, STM32H563RGT6, STM32H563RGV6, STM32H563RIT6, STM32H563RIV6, STM32H563VGT6, STM32H563VIT3Q, STM32H563VIT6, STM32H563ZGT6, STM32H563ZIT3Q, STM32H563ZIT6, STM32H573AII3Q, STM32H573AII6, STM32H573I-DK, STM32H573IIK3Q, STM32H573IIK6, STM32H573IIT3Q, STM32H573IIT6, STM32H573MIY3QTR, STM32H573RIT6, STM32H573RIV6, STM32H573VIT3Q, STM32H573VIT6, STM32H573ZIT3Q, STM32H573ZIT6, STM32L4R5QGI6STR, STM32MP131AAE3, STM32MP131AAF3, STM32MP131AAG3, STM32MP131CAE3, STM32MP131CAF3, STM32MP131CAG3, STM32MP131DAE7, STM32MP131DAF7, STM32MP131DAG7, STM32MP131FAE7, STM32MP131FAF7, STM32MP131FAG7, STM32MP133AAE3, STM32MP133AAF3, STM32MP133AAG3, STM32MP133CAE3, STM32MP133CAF3, STM32MP133CAG3, STM32MP133DAE7, STM32MP133DAF7, STM32MP133DAG7, STM32MP133FAE7, STM32MP133FAF7, STM32MP133FAG7, STM32MP135AAE3, STM32MP135AAF3, STM32MP135AAG3, STM32MP135CAE3, STM32MP135CAF3, STM32MP135CAG3, STM32MP135DAE7, STM32MP135DAF7, STM32MP135DAG7, STM32MP135F-DK, STM32MP135FAE7, STM32MP135FAF7, STM32MP135FAF7T, STM32MP135FAF7U, STM32MP135FAG7, STM32U535CBT6, STM32U535CBT6Q, STM32U535CBU6, STM32U535CBU6Q, STM32U535CCT6, STM32U535CCT6Q, STM32U535CCU6, STM32U535CCU6Q, STM32U535CET6, STM32U535CET6Q, STM32U535CEU6, STM32U535CEU6Q, STM32U535JEY6QTR, STM32U535NCY6QTR, STM32U535NEY6QTR, STM32U535RBI6, STM32U535RBI6Q, STM32U535RBT6, STM32U535RBT6Q, STM32U535RCI6, STM32U535RCI6Q, STM32U535RCT6, STM32U535RCT6Q, STM32U535REI6, STM32U535REI6Q, STM32U535RET6, STM32U535RET6Q, STM32U535VCI6, STM32U535VCI6Q, STM32U535VCT6, STM32U535VCT6Q, STM32U535VEI6, STM32U535VEI6Q, STM32U535VET6, STM32U535VET6Q, STM32U545CET6, STM32U545CET6Q, STM32U545CEU6, STM32U545CEU6Q, STM32U545JEY6QTR, STM32U545NEY6QTR, STM32U545REI6, STM32U545REI6Q, STM32U545RET6, STM32U545RET6Q, STM32U545VEI6, STM32U545VEI6Q, STM32U545VET6, STM32U545VET6Q, STM32U595AIH6, STM32U595AIH6Q, STM32U595AJH6, STM32U595AJH6Q, STM32U595QII6, STM32U595QII6Q, STM32U595QJI6, STM32U595QJI6Q, STM32U595RIT6, STM32U595RIT6Q, STM32U595RJT6, STM32U595RJT6Q, STM32U595VIT6, STM32U595VIT6Q, STM32U595VJT6, STM32U595VJT6Q, STM32U595ZIT6, STM32U595ZIT6Q, STM32U595ZIY6QTR, STM32U595ZJT6, STM32U595ZJT6Q, STM32U595ZJY6QTR, STM32U599BJY6QTR, STM32U599NIH6Q, STM32U599NJH6Q, STM32U599VIT6Q, STM32U599VJT6, STM32U599VJT6Q, STM32U599ZIT6Q, STM32U599ZIY6QTR, STM32U599ZJT6Q, STM32U599ZJY6QTR, STM32U5A5AJH6, STM32U5A5AJH6Q, STM32U5A5QJI6, STM32U5A5QJI6Q, STM32U5A5RJT6, STM32U5A5RJT6Q, STM32U5A5VJT6, STM32U5A5VJT6Q, STM32U5A5ZJT6, STM32U5A5ZJT6Q, STM32U5A5ZJY6QTR, STM32U5A9BJY6QTR, STM32U5A9J-DK, STM32U5A9NJH6Q, STM32U5A9VJT6Q, STM32U5A9ZJT6Q, STM32U5A9ZJY6QTR, STM32U5F7VIT6, STM32U5F7VIT6Q, STM32U5F7VJT6, STM32U5F7VJT6Q, STM32U5F9BJY6QTR, STM32U5F9NJH6Q, STM32U5F9VIT6Q, STM32U5F9VJT6Q, STM32U5F9ZIJ6QTR, STM32U5F9ZIT6Q, STM32U5F9ZJJ6QTR, STM32U5F9ZJT6Q, STM32U5G7VJT6, STM32U5G7VJT6Q, STM32U5G9BJY6QTR, STM32U5G9J-DK1, STM32U5G9J-DK2, STM32U5G9NJH6Q, STM32U5G9VJT6Q, STM32U5G9ZJJ6QTR, STM32U5G9ZJT6Q, STM32WB1MMCH6, STM32WBA52CEU6, STM32WBA52CEU6T, STM32WBA52CGU6, STM32WBA52CGU6T, STM32WBA52KEU6, STM32WBA52KEU6T, STM32WBA52KGU6, STM32WBA52KGU6T, STM32WL5MOCH6, STM32WL5MOCH6TR]
2024-01-21 00:59:19,581 [INFO] DbMcus:217 - Found 3882 MCUs, 3882 are supported
2024-01-21 00:59:19,582 [INFO] ApiDb:423 - Load user favorites file C:\Users\xenon/.stm32cubeide/favorites.mcus.txt: 0 item(s)
2024-01-21 00:59:19,582 [INFO] ApiDb:427 - User favorites MCUs=[]
2024-01-21 00:59:19,582 [INFO] DbMcus:223 - Set 0 / 0 favorites MCUs
2024-01-21 00:59:19,831 [WARN] ThirdParty:833 - waiting for thirdparty lock release [change project]
2024-01-21 00:59:19,832 [INFO] ThirdParty:835 - entering critical section [change project]
2024-01-21 00:59:19,832 [INFO] ThirdParty:1030 - CMSIS Pack Vendor :STMicroelectronics X-CUBE-ISPU 1.1.0
2024-01-21 00:59:19,832 [INFO] ThirdParty:1030 - CMSIS Pack Vendor :STMicroelectronics USBPD 4.1
2024-01-21 00:59:19,832 [INFO] ThirdParty:1030 - CMSIS Pack Vendor :STMicroelectronics X-CUBE-GNSS1 6.0.0
2024-01-21 00:59:19,832 [INFO] ThirdParty:1030 - CMSIS Pack Vendor :STMicroelectronics USB_HOST 2.0.0
2024-01-21 00:59:19,832 [INFO] ThirdParty:1030 - CMSIS Pack Vendor :STMicroelectronics X-CUBE-AZRTOS-F4 1.1.0
2024-01-21 00:59:19,832 [INFO] ThirdParty:1030 - CMSIS Pack Vendor :STMicroelectronics LIBJPEG 8.0.0
2024-01-21 00:59:19,832 [INFO] ThirdParty:1030 - CMSIS Pack Vendor :wolfSSL I-CUBE-wolfSSL 5.6.3
2024-01-21 00:59:19,832 [INFO] ThirdParty:1030 - CMSIS Pack Vendor :STMicroelectronics X-CUBE-SMBUS 2.1.0
2024-01-21 00:59:19,832 [INFO] ThirdParty:1030 - CMSIS Pack Vendor :STMicroelectronics USB_DEVICE 3.0.0
2024-01-21 00:59:19,832 [INFO] ThirdParty:1030 - CMSIS Pack Vendor :STMicroelectronics X-CUBE-AZRTOS-WB 2.0.0
2024-01-21 00:59:19,832 [INFO] ThirdParty:1030 - CMSIS Pack Vendor :STMicroelectronics X-CUBE-TOUCHGFX 4.23.0
2024-01-21 00:59:19,832 [INFO] ThirdParty:1030 - CMSIS Pack Vendor :STMicroelectronics X-CUBE-AZRTOS-F7 1.1.0
2024-01-21 00:59:19,832 [INFO] ThirdParty:1030 - CMSIS Pack Vendor :STMicroelectronics X-CUBE-AZRTOS-L5 2.0.0
2024-01-21 00:59:19,832 [INFO] ThirdParty:1030 - CMSIS Pack Vendor :STMicroelectronics USB_DEVICE 2.0.0
2024-01-21 00:59:19,832 [INFO] ThirdParty:1030 - CMSIS Pack Vendor :STMicroelectronics X-CUBE-EEPRMA1 4.2.0
2024-01-21 00:59:19,832 [INFO] ThirdParty:1030 - CMSIS Pack Vendor :ITTIA_DB I-CUBE-ITTIADB 8.8.0
2024-01-21 00:59:19,832 [INFO] ThirdParty:1030 - CMSIS Pack Vendor :STMicroelectronics FP-SNS-MOTENV1 4.3.2
2024-01-21 00:59:19,832 [INFO] ThirdParty:1030 - CMSIS Pack Vendor :STMicroelectronics X-CUBE-ALGOBUILD 1.3.0
2024-01-21 00:59:19,832 [INFO] ThirdParty:1030 - CMSIS Pack Vendor :STMicroelectronics FreeRTOS 0.0.1
2024-01-21 00:59:19,832 [INFO] ThirdParty:1030 - CMSIS Pack Vendor :STMicroelectronics X-CUBE-AZRTOS-G0 1.1.0
2024-01-21 00:59:19,832 [INFO] ThirdParty:1030 - CMSIS Pack Vendor :STMicroelectronics X-CUBE-BLEMGR 2.0.0
2024-01-21 00:59:19,832 [INFO] ThirdParty:1030 - CMSIS Pack Vendor :STMicroelectronics X-CUBE-NFC4 3.0.0
2024-01-21 00:59:19,832 [INFO] ThirdParty:1030 - CMSIS Pack Vendor :STMicroelectronics X-CUBE-SUBG2 5.0.0
2024-01-21 00:59:19,832 [INFO] ThirdParty:1030 - CMSIS Pack Vendor :STMicroelectronics STM32_WPAN 1.0.0
2024-01-21 00:59:19,832 [INFO] ThirdParty:1030 - CMSIS Pack Vendor :STMicroelectronics lwIP 2.0.3
2024-01-21 00:59:19,833 [INFO] ThirdParty:1030 - CMSIS Pack Vendor :STMicroelectronics FP-SNS-FLIGHT1 5.0.2
2024-01-21 00:59:19,833 [INFO] ThirdParty:1030 - CMSIS Pack Vendor :STMicroelectronics USB_HOST 1.0.0
2024-01-21 00:59:19,833 [INFO] ThirdParty:1030 - CMSIS Pack Vendor :STMicroelectronics X-CUBE-TOF1 3.3.1
2024-01-21 00:59:19,833 [INFO] ThirdParty:1030 - CMSIS Pack Vendor :STMicroelectronics X-CUBE-AZRTOS-G4 2.0.0
2024-01-21 00:59:19,833 [INFO] ThirdParty:1030 - CMSIS Pack Vendor :STMicroelectronics PDM2PCM 3.1.0
2024-01-21 00:59:19,833 [INFO] ThirdParty:1030 - CMSIS Pack Vendor :STMicroelectronics X-CUBE-AZRTOS-H7 3.1.0
2024-01-21 00:59:19,833 [INFO] ThirdParty:1030 - CMSIS Pack Vendor :Infineon AIROC-Wi-Fi-Bluetooth-STM32 1.5.1
2024-01-21 00:59:19,833 [INFO] ThirdParty:1030 - CMSIS Pack Vendor :STMicroelectronics X-CUBE-BLEMGR 3.0.0
2024-01-21 00:59:19,833 [INFO] ThirdParty:1030 - CMSIS Pack Vendor :STMicroelectronics PDM2PCM 3.3.0
2024-01-21 00:59:19,833 [INFO] ThirdParty:1030 - CMSIS Pack Vendor :STMicroelectronics X-CUBE-DISPLAY 3.0.0
2024-01-21 00:59:19,833 [INFO] ThirdParty:1030 - CMSIS Pack Vendor :STMicroelectronics FP-SNS-MOTENVWB1 1.3.0
2024-01-21 00:59:19,833 [INFO] ThirdParty:1030 - CMSIS Pack Vendor :STMicroelectronics FP-SNS-MOTENVWB1 1.3.1
2024-01-21 00:59:19,833 [INFO] ThirdParty:1030 - CMSIS Pack Vendor :STMicroelectronics X-CUBE-BLE1 7.0.0
2024-01-21 00:59:19,833 [INFO] ThirdParty:1030 - CMSIS Pack Vendor :STMicroelectronics FP-ATR-SIGFOX1 3.2.0
2024-01-21 00:59:19,833 [INFO] ThirdParty:1030 - CMSIS Pack Vendor :STMicroelectronics X-CUBE-ISPU 2.0.0
2024-01-21 00:59:19,833 [INFO] ThirdParty:1030 - CMSIS Pack Vendor :STMicroelectronics HAL Drivers 0.0.0
2024-01-21 00:59:19,833 [INFO] ThirdParty:1030 - CMSIS Pack Vendor :STMicroelectronics MBEDTLS 2.16.2
2024-01-21 00:59:19,833 [INFO] ThirdParty:1030 - CMSIS Pack Vendor :emotas I-CUBE-CANOPEN 1.3.0
2024-01-21 00:59:19,833 [INFO] ThirdParty:1030 - CMSIS Pack Vendor :STMicroelectronics X-CUBE-MEMS1 10.0.0
2024-01-21 00:59:19,833 [INFO] ThirdParty:1030 - CMSIS Pack Vendor :STMicroelectronics X-CUBE-FREERTOS 1.1.0
2024-01-21 00:59:19,833 [INFO] ThirdParty:1030 - CMSIS Pack Vendor :STMicroelectronics X-CUBE-NFC7 1.0.1
2024-01-21 00:59:19,833 [INFO] ThirdParty:1030 - CMSIS Pack Vendor :STMicroelectronics MBEDTLS 2.14.1
2024-01-21 00:59:19,833 [INFO] ThirdParty:1030 - CMSIS Pack Vendor :STMicroelectronics X-CUBE-TOUCHGFX 4.22.1
2024-01-21 00:59:19,833 [INFO] ThirdParty:1030 - CMSIS Pack Vendor :STMicroelectronics X-CUBE-NFC6 3.0.0
2024-01-21 00:59:19,833 [INFO] ThirdParty:1030 - CMSIS Pack Vendor :portGmbH I-Cube-SoM-uGOAL 1.1.0
2024-01-21 00:59:19,833 [INFO] ThirdParty:1030 - CMSIS Pack Vendor :STMicroelectronics X-CUBE-ALS 1.0.1
2024-01-21 00:59:19,833 [INFO] ThirdParty:1030 - CMSIS Pack Vendor :STMicroelectronics ThreadX 1.0.0
2024-01-21 00:59:19,833 [INFO] ThirdParty:1030 - CMSIS Pack Vendor :STMicroelectronics FP-SNS-SMARTAG2 1.2.0
2024-01-21 00:59:19,833 [INFO] ThirdParty:1030 - CMSIS Pack Vendor :STMicroelectronics X-CUBE-AZRTOS-WL 2.0.0
2024-01-21 00:59:19,833 [INFO] ThirdParty:1030 - CMSIS Pack Vendor :STMicroelectronics USB_DEVICE 1.0.0
2024-01-21 00:59:19,833 [INFO] ThirdParty:1030 - CMSIS Pack Vendor :STMicroelectronics X-CUBE-AI 8.1.0
2024-01-21 00:59:19,833 [INFO] ThirdParty:1030 - CMSIS Pack Vendor :STMicroelectronics X-CUBE-AZRTOS-L4 2.0.0
2024-01-21 00:59:19,834 [INFO] ThirdParty:1030 - CMSIS Pack Vendor :STMicroelectronics ThreadX 0.0.2
2024-01-21 00:59:19,834 [INFO] ThirdParty:1030 - CMSIS Pack Vendor :WES I-CUBE-Cesium 1.3.0
2024-01-21 00:59:19,834 [INFO] ThirdParty:1030 - CMSIS Pack Vendor :STMicroelectronics FP-ATR-ASTRA1 2.0.0
2024-01-21 00:59:19,834 [INFO] ThirdParty:1030 - CMSIS Pack Vendor :STMicroelectronics lwIP 2.1.2
2024-01-21 00:59:19,834 [INFO] ThirdParty:1030 - CMSIS Pack Vendor :STMicroelectronics X-CUBE-SFXS2LP1 4.0.0
2024-01-21 00:59:19,834 [INFO] ThirdParty:1030 - CMSIS Pack Vendor :STMicroelectronics X-CUBE-BLE2 3.3.0
2024-01-21 00:59:19,834 [INFO] ThirdParty:1030 - CMSIS Pack Vendor :STMicroelectronics X-CUBE-TOF1 3.4.0
2024-01-21 00:59:19,834 [INFO] ThirdParty:1030 - CMSIS Pack Vendor :STMicroelectronics X-CUBE-AZRTOS-H7 3.2.0
2024-01-21 00:59:19,834 [INFO] ThirdParty:1030 - CMSIS Pack Vendor :STMicroelectronics PDM2PCM 3.2.0
2024-01-21 00:59:19,834 [INFO] ThirdParty:841 - exiting critical section [change project]
2024-01-21 00:59:20,054 [INFO] PinOutPanel:1499 - setPackage(No Configuration,No Configuration)
2024-01-21 00:59:20,055 [INFO] PinOutPanel:1499 - setPackage(STM32L073RZTx,LQFP64)
2024-01-21 00:59:20,344 [INFO] UtilMem:75 - Before build in PCC Used Memory: 572894584 Bytes (1073741824)
2024-01-21 00:59:20,880 [INFO] UtilMem:75 - After build in PCC Used Memory: 665974504 Bytes (1073741824)
2024-01-21 00:59:20,903 [INFO] IPUIPlugin:80 - create IPUIPlugin
2024-01-21 00:59:20,903 [INFO] IPUIPlugin:80 - create IPUIPlugin
2024-01-21 00:59:20,903 [INFO] IPUIPlugin:80 - create IPUIPlugin
2024-01-21 00:59:20,903 [INFO] IPUIPlugin:80 - create IPUIPlugin
2024-01-21 00:59:20,903 [INFO] IPUIPlugin:80 - create IPUIPlugin
2024-01-21 00:59:20,903 [INFO] IPUIPlugin:80 - create IPUIPlugin
2024-01-21 00:59:20,903 [INFO] IPUIPlugin:80 - create IPUIPlugin
2024-01-21 00:59:20,904 [INFO] IPUIPlugin:80 - create IPUIPlugin
2024-01-21 00:59:20,904 [INFO] IPUIPlugin:80 - create IPUIPlugin
2024-01-21 00:59:20,904 [INFO] IPUIPlugin:80 - create IPUIPlugin
2024-01-21 00:59:20,904 [INFO] IPUIPlugin:80 - create IPUIPlugin
2024-01-21 00:59:20,904 [INFO] IPUIPlugin:80 - create IPUIPlugin
2024-01-21 00:59:20,904 [INFO] IPUIPlugin:80 - create IPUIPlugin
2024-01-21 00:59:20,904 [INFO] IPUIPlugin:80 - create IPUIPlugin
2024-01-21 00:59:20,904 [INFO] IPUIPlugin:80 - create IPUIPlugin
2024-01-21 00:59:20,904 [INFO] IPUIPlugin:80 - create IPUIPlugin
2024-01-21 00:59:20,905 [INFO] IPUIPlugin:80 - create IPUIPlugin
2024-01-21 00:59:20,905 [INFO] IPUIPlugin:80 - create IPUIPlugin
2024-01-21 00:59:20,905 [INFO] IPUIPlugin:80 - create IPUIPlugin
2024-01-21 00:59:20,905 [INFO] IPUIPlugin:80 - create IPUIPlugin
2024-01-21 00:59:20,905 [INFO] IPUIPlugin:80 - create IPUIPlugin
2024-01-21 00:59:20,905 [INFO] IPUIPlugin:80 - create IPUIPlugin
2024-01-21 00:59:20,905 [INFO] IPUIPlugin:80 - create IPUIPlugin
2024-01-21 00:59:20,905 [INFO] IPUIPlugin:80 - create IPUIPlugin
2024-01-21 00:59:20,906 [INFO] IPUIPlugin:80 - create IPUIPlugin
2024-01-21 00:59:20,906 [INFO] IPUIPlugin:80 - create IPUIPlugin
2024-01-21 00:59:20,906 [INFO] IPUIPlugin:80 - create IPUIPlugin
2024-01-21 00:59:20,906 [INFO] IPUIPlugin:80 - create IPUIPlugin
2024-01-21 00:59:20,906 [INFO] IPUIPlugin:80 - create IPUIPlugin
2024-01-21 00:59:20,906 [INFO] IPUIPlugin:80 - create IPUIPlugin
2024-01-21 00:59:20,907 [INFO] IPUIPlugin:80 - create IPUIPlugin
2024-01-21 00:59:20,907 [INFO] IPUIPlugin:80 - create IPUIPlugin
2024-01-21 00:59:20,907 [INFO] IPUIPlugin:80 - create IPUIPlugin
2024-01-21 00:59:20,907 [INFO] IPUIPlugin:80 - create IPUIPlugin
2024-01-21 00:59:20,907 [INFO] IPUIPlugin:80 - create IPUIPlugin
2024-01-21 00:59:20,907 [INFO] IPUIPlugin:80 - create IPUIPlugin
2024-01-21 00:59:20,908 [INFO] IPUIPlugin:80 - create IPUIPlugin
2024-01-21 00:59:20,908 [INFO] IPUIPlugin:80 - create IPUIPlugin
2024-01-21 00:59:20,908 [INFO] IPUIPlugin:80 - create IPUIPlugin
2024-01-21 00:59:20,915 [WARN] IP:2114 - AutoBaudRateEnableParam not found: check if there is a RefParameter without a condition.
2024-01-21 00:59:21,064 [INFO] CADModel:165 - CPN selected for project levelSTM32L073RZT3
2024-01-21 00:59:21,064 [INFO] CADModel:114 - Register for checkConnection events
2024-01-21 00:59:21,114 [INFO] OpenFileManager:328 - Restore cursor
2024-01-21 00:59:21,216 [WARN] IP:2114 - AutoBaudRateEnableParam not found: check if there is a RefParameter without a condition.
2024-01-21 00:59:21,217 [WARN] IP:2114 - AutoBaudRateEnableParam not found: check if there is a RefParameter without a condition.
2024-01-21 01:15:56,753 [WARN] IP:2114 - AutoBaudRateEnableParam not found: check if there is a RefParameter without a condition.
2024-01-21 01:15:58,544 [WARN] IP:2114 - AutoBaudRateEnableParam not found: check if there is a RefParameter without a condition.
2024-01-21 01:15:58,546 [WARN] IP:2114 - AutoBaudRateEnableParam not found: check if there is a RefParameter without a condition.
2024-01-21 01:15:58,547 [WARN] IP:2114 - AutoBaudRateEnableParam not found: check if there is a RefParameter without a condition.
2024-01-21 01:15:58,584 [WARN] IP:2114 - AutoBaudRateEnableParam not found: check if there is a RefParameter without a condition.
2024-01-21 01:15:58,585 [WARN] IP:2114 - AutoBaudRateEnableParam not found: check if there is a RefParameter without a condition.
2024-01-21 01:16:03,659 [WARN] IP:2114 - AutoBaudRateEnableParam not found: check if there is a RefParameter without a condition.
2024-01-21 01:16:07,032 [WARN] IP:2114 - AutoBaudRateEnableParam not found: check if there is a RefParameter without a condition.
2024-01-21 01:16:07,032 [WARN] IP:2114 - AutoBaudRateEnableParam not found: check if there is a RefParameter without a condition.
2024-01-21 01:16:07,054 [INFO] NvicIntPanel:101 - NVIC parent = com.st.microxplorer.plugins.ip.nvic.MultiNvicIntPanel[,0,0,0x0,invalid,layout=javax.swing.BoxLayout,alignmentX=0.0,alignmentY=0.0,border=,flags=9,maximumSize=,minimumSize=,preferredSize=]
2024-01-21 01:16:07,068 [WARN] IP:2114 - AutoBaudRateEnableParam not found: check if there is a RefParameter without a condition.
2024-01-21 01:16:07,073 [WARN] IP:2114 - AutoBaudRateEnableParam not found: check if there is a RefParameter without a condition.
2024-01-21 01:16:07,080 [WARN] IP:2114 - AutoBaudRateEnableParam not found: check if there is a RefParameter without a condition.
2024-01-21 01:16:07,081 [WARN] IP:2114 - AutoBaudRateEnableParam not found: check if there is a RefParameter without a condition.
2024-01-21 01:16:07,082 [WARN] IP:2114 - AutoBaudRateEnableParam not found: check if there is a RefParameter without a condition.
2024-01-21 01:16:07,083 [WARN] IP:2114 - AutoBaudRateEnableParam not found: check if there is a RefParameter without a condition.
2024-01-21 01:16:12,871 [WARN] IP:2114 - AutoBaudRateEnableParam not found: check if there is a RefParameter without a condition.
2024-01-21 01:16:12,871 [WARN] IP:2114 - AutoBaudRateEnableParam not found: check if there is a RefParameter without a condition.
2024-01-21 01:16:12,873 [WARN] IP:2114 - AutoBaudRateEnableParam not found: check if there is a RefParameter without a condition.
2024-01-21 01:16:12,874 [WARN] IP:2114 - AutoBaudRateEnableParam not found: check if there is a RefParameter without a condition.
2024-01-21 01:16:12,900 [WARN] IP:2114 - AutoBaudRateEnableParam not found: check if there is a RefParameter without a condition.
2024-01-21 01:16:12,902 [WARN] IP:2114 - AutoBaudRateEnableParam not found: check if there is a RefParameter without a condition.
2024-01-21 01:16:12,918 [WARN] IP:2114 - AutoBaudRateEnableParam not found: check if there is a RefParameter without a condition.
2024-01-21 01:16:12,921 [WARN] IP:2114 - AutoBaudRateEnableParam not found: check if there is a RefParameter without a condition.
2024-01-21 01:16:14,361 [WARN] IP:2114 - AutoBaudRateEnableParam not found: check if there is a RefParameter without a condition.
2024-01-21 01:16:14,362 [WARN] IP:2114 - AutoBaudRateEnableParam not found: check if there is a RefParameter without a condition.
2024-01-21 01:16:14,363 [WARN] IP:2114 - AutoBaudRateEnableParam not found: check if there is a RefParameter without a condition.
2024-01-21 01:16:14,363 [WARN] IP:2114 - AutoBaudRateEnableParam not found: check if there is a RefParameter without a condition.
2024-01-21 01:16:14,388 [WARN] IP:2114 - AutoBaudRateEnableParam not found: check if there is a RefParameter without a condition.
2024-01-21 01:16:14,390 [WARN] IP:2114 - AutoBaudRateEnableParam not found: check if there is a RefParameter without a condition.
2024-01-21 01:16:14,410 [WARN] IP:2114 - AutoBaudRateEnableParam not found: check if there is a RefParameter without a condition.
2024-01-21 01:16:14,412 [WARN] IP:2114 - AutoBaudRateEnableParam not found: check if there is a RefParameter without a condition.
2024-01-21 01:16:25,040 [WARN] IP:2114 - AutoBaudRateEnableParam not found: check if there is a RefParameter without a condition.
2024-01-21 01:16:25,040 [WARN] IP:2114 - AutoBaudRateEnableParam not found: check if there is a RefParameter without a condition.
2024-01-21 01:16:25,042 [WARN] IP:2114 - AutoBaudRateEnableParam not found: check if there is a RefParameter without a condition.
2024-01-21 01:16:25,042 [WARN] IP:2114 - AutoBaudRateEnableParam not found: check if there is a RefParameter without a condition.
2024-01-21 01:16:25,064 [WARN] IP:2114 - AutoBaudRateEnableParam not found: check if there is a RefParameter without a condition.
2024-01-21 01:16:25,065 [WARN] IP:2114 - AutoBaudRateEnableParam not found: check if there is a RefParameter without a condition.
2024-01-21 01:16:25,081 [WARN] IP:2114 - AutoBaudRateEnableParam not found: check if there is a RefParameter without a condition.
2024-01-21 01:16:25,083 [WARN] IP:2114 - AutoBaudRateEnableParam not found: check if there is a RefParameter without a condition.
2024-01-21 01:16:33,511 [INFO] Gpio:273 - dependency for GPIO [RCC, USART4, USART5]
2024-01-21 01:17:00,078 [WARN] IP:2114 - AutoBaudRateEnableParam not found: check if there is a RefParameter without a condition.
2024-01-21 01:17:00,078 [WARN] IP:2114 - AutoBaudRateEnableParam not found: check if there is a RefParameter without a condition.
2024-01-21 01:17:00,080 [WARN] IP:2114 - AutoBaudRateEnableParam not found: check if there is a RefParameter without a condition.
2024-01-21 01:17:00,080 [WARN] IP:2114 - AutoBaudRateEnableParam not found: check if there is a RefParameter without a condition.
2024-01-21 01:17:00,103 [WARN] IP:2114 - AutoBaudRateEnableParam not found: check if there is a RefParameter without a condition.
2024-01-21 01:17:00,105 [WARN] IP:2114 - AutoBaudRateEnableParam not found: check if there is a RefParameter without a condition.
2024-01-21 01:17:00,120 [WARN] IP:2114 - AutoBaudRateEnableParam not found: check if there is a RefParameter without a condition.
2024-01-21 01:17:00,121 [WARN] IP:2114 - AutoBaudRateEnableParam not found: check if there is a RefParameter without a condition.
2024-01-21 01:17:00,147 [INFO] Gpio:273 - dependency for GPIO [RCC, USART4, USART5]
2024-01-21 01:17:00,170 [INFO] NvicIntPanel:101 - NVIC parent = com.st.microxplorer.plugins.ip.nvic.MultiNvicIntPanel[,0,0,0x0,invalid,layout=javax.swing.BoxLayout,alignmentX=0.0,alignmentY=0.0,border=,flags=9,maximumSize=,minimumSize=,preferredSize=]
2024-01-21 01:17:01,071 [WARN] IP:2114 - AutoBaudRateEnableParam not found: check if there is a RefParameter without a condition.
2024-01-21 01:17:01,072 [WARN] IP:2114 - AutoBaudRateEnableParam not found: check if there is a RefParameter without a condition.
2024-01-21 01:17:01,073 [WARN] IP:2114 - AutoBaudRateEnableParam not found: check if there is a RefParameter without a condition.
2024-01-21 01:17:01,073 [WARN] IP:2114 - AutoBaudRateEnableParam not found: check if there is a RefParameter without a condition.
2024-01-21 01:17:01,096 [WARN] IP:2114 - AutoBaudRateEnableParam not found: check if there is a RefParameter without a condition.
2024-01-21 01:17:01,098 [WARN] IP:2114 - AutoBaudRateEnableParam not found: check if there is a RefParameter without a condition.
2024-01-21 01:17:01,112 [WARN] IP:2114 - AutoBaudRateEnableParam not found: check if there is a RefParameter without a condition.
2024-01-21 01:17:01,113 [WARN] IP:2114 - AutoBaudRateEnableParam not found: check if there is a RefParameter without a condition.
2024-01-21 01:17:01,142 [INFO] Gpio:273 - dependency for GPIO [RCC, USART4, USART5]
2024-01-21 01:17:01,161 [INFO] NvicIntPanel:101 - NVIC parent = com.st.microxplorer.plugins.ip.nvic.MultiNvicIntPanel[,0,0,0x0,invalid,layout=javax.swing.BoxLayout,alignmentX=0.0,alignmentY=0.0,border=,flags=9,maximumSize=,minimumSize=,preferredSize=]
2024-01-21 01:17:18,523 [INFO] UtilMem:75 - End SaveConfig() Used Memory: 563217504 Bytes (1073741824)
2024-01-21 01:18:23,216 [INFO] UtilMem:75 - End SaveConfig() Used Memory: 805269624 Bytes (1073741824)
2024-01-21 01:18:23,583 [INFO] BlockDiagram:2759 - set Specific Code input for plugin: RTC
2024-01-21 01:18:23,583 [INFO] BlockDiagram:2759 - set Specific Code input for plugin: NVIC
2024-01-21 01:18:23,583 [INFO] BlockDiagram:2759 - set Specific Code input for plugin: USART
2024-01-21 01:18:23,583 [INFO] BlockDiagram:2759 - set Specific Code input for plugin: USART
2024-01-21 01:18:23,584 [INFO] BlockDiagram:2759 - set Specific Code input for plugin: USART
2024-01-21 01:18:23,584 [INFO] BlockDiagram:2759 - set Specific Code input for plugin: TIM1_8L0
2024-01-21 01:18:23,584 [INFO] BlockDiagram:2759 - set Specific Code input for plugin: TIM1_8L0
2024-01-21 01:18:23,584 [INFO] BlockDiagram:2759 - set Specific Code input for plugin: GPIO
2024-01-21 01:18:23,584 [INFO] BlockDiagram:2759 - set Specific Code input for plugin: RCC
2024-01-21 01:18:23,586 [INFO] CodeGenerator:799 - code generatio: config db path: C:\ST\STM32CubeIDE_1.13.2\STM32CubeIDE\plugins\com.st.stm32cube.common.mx_6.9.2.202309101412\\db\
2024-01-21 01:18:23,607 [WARN] IP:2114 - AutoBaudRateEnableParam not found: check if there is a RefParameter without a condition.
2024-01-21 01:18:23,608 [WARN] IP:2114 - AutoBaudRateEnableParam not found: check if there is a RefParameter without a condition.
2024-01-21 01:18:23,746 [INFO] CodeEngine:255 - oldGeneratedFile, C:\Users\xenon\Downloads\PMiK_Projekt\pmik_projekt_ka_jj_zegar\stm32workspace\ZEGAR_PMIK\MXTmpFiles\license.tmp_save
2024-01-21 01:18:23,989 [INFO] CodeEngine:279 - Generated code: C:\Users\xenon\Downloads\PMiK_Projekt\pmik_projekt_ka_jj_zegar\stm32workspace\ZEGAR_PMIK\MXTmpFiles\license.tmp
2024-01-21 01:18:24,087 [INFO] CodeEngine:255 - oldGeneratedFile, C:\Users\xenon\Downloads\PMiK_Projekt\pmik_projekt_ka_jj_zegar\stm32workspace\ZEGAR_PMIK\MXTmpFiles\gpio.tmp_save
2024-01-21 01:18:24,210 [INFO] CodeEngine:279 - Generated code: C:\Users\xenon\Downloads\PMiK_Projekt\pmik_projekt_ka_jj_zegar\stm32workspace\ZEGAR_PMIK\MXTmpFiles\gpio.tmp
2024-01-21 01:18:24,594 [INFO] CodeEngine:255 - oldGeneratedFile, C:\Users\xenon\Downloads\PMiK_Projekt\pmik_projekt_ka_jj_zegar\stm32workspace\ZEGAR_PMIK\Core\Src\stm32l0xx_it.c_save
2024-01-21 01:18:24,707 [INFO] CodeEngine:279 - Generated code: C:\Users\xenon\Downloads\PMiK_Projekt\pmik_projekt_ka_jj_zegar\stm32workspace\ZEGAR_PMIK\Core\Src\stm32l0xx_it.c
2024-01-21 01:18:24,713 [INFO] CodeEngine:255 - oldGeneratedFile, C:\Users\xenon\Downloads\PMiK_Projekt\pmik_projekt_ka_jj_zegar\stm32workspace\ZEGAR_PMIK\Core\Inc\stm32l0xx_it.h_save
2024-01-21 01:18:24,781 [INFO] CodeEngine:279 - Generated code: C:\Users\xenon\Downloads\PMiK_Projekt\pmik_projekt_ka_jj_zegar\stm32workspace\ZEGAR_PMIK\Core\Inc\stm32l0xx_it.h
2024-01-21 01:18:24,840 [INFO] CodeEngine:255 - oldGeneratedFile, C:\Users\xenon\Downloads\PMiK_Projekt\pmik_projekt_ka_jj_zegar\stm32workspace\ZEGAR_PMIK\Core\Src\stm32l0xx_hal_msp.c_save
2024-01-21 01:18:24,962 [INFO] CodeEngine:279 - Generated code: C:\Users\xenon\Downloads\PMiK_Projekt\pmik_projekt_ka_jj_zegar\stm32workspace\ZEGAR_PMIK\Core\Src\stm32l0xx_hal_msp.c
2024-01-21 01:18:24,973 [INFO] CodeEngine:255 - oldGeneratedFile, C:\Users\xenon\Downloads\PMiK_Projekt\pmik_projekt_ka_jj_zegar\stm32workspace\ZEGAR_PMIK\MXTmpFiles\system.tmp_save
2024-01-21 01:18:25,029 [INFO] CodeEngine:279 - Generated code: C:\Users\xenon\Downloads\PMiK_Projekt\pmik_projekt_ka_jj_zegar\stm32workspace\ZEGAR_PMIK\MXTmpFiles\system.tmp
2024-01-21 01:18:25,047 [INFO] CodeEngine:311 - oldGeneratedFile, C:\Users\xenon\Downloads\PMiK_Projekt\pmik_projekt_ka_jj_zegar\stm32workspace\ZEGAR_PMIK\Core\Inc\stm32l0xx_hal_conf.h_save
2024-01-21 01:18:25,121 [INFO] CodeEngine:335 - Generated code: C:\Users\xenon\Downloads\PMiK_Projekt\pmik_projekt_ka_jj_zegar\stm32workspace\ZEGAR_PMIK\Core\Inc\stm32l0xx_hal_conf.h
2024-01-21 01:18:25,143 [WARN] IPConfigManager:3431 - IP not found : TIM
2024-01-21 01:18:25,144 [WARN] CodeGenerator:3764 - IP not found : null
2024-01-21 01:18:25,159 [INFO] CodeEngine:255 - oldGeneratedFile, C:\Users\xenon\Downloads\PMiK_Projekt\pmik_projekt_ka_jj_zegar\stm32workspace\ZEGAR_PMIK\Core\Inc\main.h_save
2024-01-21 01:18:25,233 [INFO] CodeEngine:279 - Generated code: C:\Users\xenon\Downloads\PMiK_Projekt\pmik_projekt_ka_jj_zegar\stm32workspace\ZEGAR_PMIK\Core\Inc\main.h
2024-01-21 01:18:25,253 [INFO] CodeEngine:255 - oldGeneratedFile, C:\Users\xenon\Downloads\PMiK_Projekt\pmik_projekt_ka_jj_zegar\stm32workspace\ZEGAR_PMIK\Core\Src\main.c_save
2024-01-21 01:18:25,401 [INFO] CodeEngine:279 - Generated code: C:\Users\xenon\Downloads\PMiK_Projekt\pmik_projekt_ka_jj_zegar\stm32workspace\ZEGAR_PMIK\Core\Src\main.c
2024-01-21 01:18:25,872 [INFO] ProjectBuilder:3064 - Time for Copy HAL[1] : 194mS.
2024-01-21 01:18:25,878 [INFO] ProjectBuilder:4404 - Project Generator version: 4.1.0
2024-01-21 01:18:26,071 [INFO] ConfigFileManager:1457 - The Die is : DIE447
2024-01-21 01:18:26,080 [INFO] ApiDbMcu:507 - Load IP Config File for FATFS
2024-01-21 01:18:26,084 [INFO] ApiDbMcu:507 - Load IP Config File for FREERTOS
2024-01-21 01:18:26,093 [INFO] ApiDbMcu:507 - Load IP Config File for TOUCHSENSING
2024-01-21 01:18:26,098 [INFO] ApiDbMcu:507 - Load IP Config File for USB_DEVICE
2024-01-21 01:18:26,624 [INFO] LogOutputStream:77 - [STDOUT_REDIRECT] 
2024-01-21 01:18:27,323 [INFO] ProjectBuilder:4626 - Time for Generating toolchain IDE Files: 1445mS.
2024-01-21 01:18:27,325 [INFO] ProjectBuilder:2935 - Time for Copy CMSIS : 0mS.
2024-01-21 01:18:27,328 [INFO] ProjectBuilder:2935 - Time for Copy CMSIS : 0mS.
