2023-12-18 00:02:31,677 [INFO] McuFinderGlobals:63 - Set McuFinder mode to 2 (CubeIDE integrated)
2023-12-18 00:02:31,683 [INFO] MainUpdater:2868 - connection check result : 10
2023-12-18 00:02:31,684 [INFO] MainUpdater:2868 - connection check result : 10
2023-12-18 00:02:31,707 [INFO] MicroXplorer:468 - Change Database Path : 
2023-12-18 00:02:31,707 [INFO] MicroXplorer:498 - Change Database Version : DB.6.0.92
2023-12-18 00:02:31,711 [WARN] ThirdParty:871 - waiting for thirdparty lock release [close project]
2023-12-18 00:02:31,711 [INFO] ThirdParty:873 - entering critical section [close project]
2023-12-18 00:02:31,712 [INFO] ThirdParty:883 - exiting critical section [close project]
2023-12-18 00:02:31,715 [INFO] PinOutPanel:1499 - setPackage(No Configuration,No Configuration)
2023-12-18 00:02:31,722 [INFO] UtilMem:75 - Begin LoadConfig() Used Memory: 365552792 Bytes (542113792)
2023-12-18 00:02:31,723 [INFO] MicroXplorer:468 - Change Database Path : 
2023-12-18 00:02:31,723 [INFO] MicroXplorer:498 - Change Database Version : DB.6.0.92
2023-12-18 00:02:31,723 [INFO] OpenFileManager:308 - Change cursor
2023-12-18 00:02:31,751 [INFO] Mcu:1946 - Initializing MCU STM32L073R(B-Z)Tx STM32L073RZTx STM32L073RZT3
2023-12-18 00:02:32,645 [INFO] Context:659 - Trying to add GPIOservice into a context  which must be forbidden
2023-12-18 00:02:33,155 [INFO] RtosManager:555 - Registered RTOS mode: class=CMSIS, group=RTOS, mode=CMSIS_V1, owner=FREERTOS
2023-12-18 00:02:33,155 [INFO] RtosManager:555 - Registered RTOS mode: class=CMSIS, group=RTOS2, mode=CMSIS_V2, owner=FREERTOS
2023-12-18 00:02:33,155 [INFO] RtosManager:555 - Registered RTOS mode: class=RTOS, group=Core, mode=CMSIS_V1, owner=FREERTOS
2023-12-18 00:02:33,155 [INFO] RtosManager:555 - Registered RTOS mode: class=RTOS, group=Core, mode=CMSIS_V2, owner=FREERTOS
2023-12-18 00:02:33,155 [WARN] ModelIntegratedComponent:184 - Missing modes for component STMicroelectronics:FreeRTOS:0.0.1:STMicroelectronics:RTOS:FreeRTOS:Core:::10.2.0:
2023-12-18 00:02:33,168 [WARN] ModelIntegratedComponent:63 - No mode defined for component null
2023-12-18 00:02:33,168 [WARN] ModelIntegratedComponent:63 - No mode defined for component null
2023-12-18 00:02:33,168 [WARN] ModelIntegratedComponent:63 - No mode defined for component null
2023-12-18 00:02:33,168 [WARN] ModelIntegratedComponent:63 - No mode defined for component null
2023-12-18 00:02:33,168 [WARN] ModelIntegratedComponent:63 - No mode defined for component null
2023-12-18 00:02:33,168 [WARN] ModelIntegratedComponent:63 - No mode defined for component null
2023-12-18 00:02:33,168 [WARN] ModelIntegratedComponent:63 - No mode defined for component null
2023-12-18 00:02:33,168 [WARN] ModelIntegratedComponent:63 - No mode defined for component null
2023-12-18 00:02:33,168 [WARN] ModelIntegratedComponent:63 - No mode defined for component null
2023-12-18 00:02:33,168 [WARN] ModelIntegratedComponent:63 - No mode defined for component null
2023-12-18 00:02:33,168 [WARN] ModelIntegratedComponent:63 - No mode defined for component null
2023-12-18 00:02:33,168 [WARN] ModelIntegratedComponent:63 - No mode defined for component null
2023-12-18 00:02:33,168 [WARN] ModelIntegratedComponent:63 - No mode defined for component null
2023-12-18 00:02:33,168 [WARN] ModelIntegratedComponent:63 - No mode defined for component null
2023-12-18 00:02:33,168 [WARN] ModelIntegratedComponent:63 - No mode defined for component null
2023-12-18 00:02:33,169 [WARN] ModelIntegratedComponent:63 - No mode defined for component null
2023-12-18 00:02:33,169 [WARN] ModelIntegratedComponent:63 - No mode defined for component null
2023-12-18 00:02:33,169 [WARN] ModelIntegratedComponent:63 - No mode defined for component null
2023-12-18 00:02:33,169 [WARN] ModelIntegratedComponent:63 - No mode defined for component null
2023-12-18 00:02:33,169 [WARN] ModelIntegratedComponent:63 - No mode defined for component null
2023-12-18 00:02:33,169 [WARN] ModelIntegratedComponent:63 - No mode defined for component null
2023-12-18 00:02:33,169 [WARN] ModelIntegratedComponent:63 - No mode defined for component null
2023-12-18 00:02:33,169 [WARN] ModelIntegratedComponent:63 - No mode defined for component null
2023-12-18 00:02:33,169 [WARN] ModelIntegratedComponent:63 - No mode defined for component null
2023-12-18 00:02:33,169 [WARN] ModelIntegratedComponent:63 - No mode defined for component null
2023-12-18 00:02:33,169 [WARN] ModelIntegratedComponent:63 - No mode defined for component null
2023-12-18 00:02:33,169 [WARN] ModelIntegratedComponent:63 - No mode defined for component null
2023-12-18 00:02:33,169 [WARN] ModelIntegratedComponent:63 - No mode defined for component null
2023-12-18 00:02:33,169 [WARN] ModelIntegratedComponent:63 - No mode defined for component null
2023-12-18 00:02:33,169 [WARN] ModelIntegratedComponent:63 - No mode defined for component null
2023-12-18 00:02:33,169 [WARN] ModelIntegratedComponent:63 - No mode defined for component null
2023-12-18 00:02:33,169 [WARN] ModelIntegratedComponent:63 - No mode defined for component null
2023-12-18 00:02:33,169 [WARN] ModelIntegratedComponent:63 - No mode defined for component null
2023-12-18 00:02:33,254 [INFO] ThirdPartyModel:298 - Start build external matchings
2023-12-18 00:02:33,841 [INFO] ThirdPartyModel:316 - End build external matchings
2023-12-18 00:02:33,858 [INFO] ImportTextPane:194 - (OptionalMessage_ERROR) IP (RCC) : Parameter (48USBFreq_Value) has invalid value (32000000)
2023-12-18 00:02:33,859 [INFO] ImportTextPane:194 - (OptionalMessage_ERROR) IP (RCC) : Invalid parameter (FamilyName)
2023-12-18 00:02:33,860 [INFO] ImportTextPane:194 - (OptionalMessage_ERROR) IP (RCC) : Invalid parameter (PWRFreq_Value)
2023-12-18 00:02:33,861 [INFO] ImportTextPane:194 - (OptionalMessage_ERROR) IP (RCC) : Parameter (RTCHSEDivFreq_Value) has invalid value (4000000)
2023-12-18 00:02:33,861 [INFO] ImportTextPane:194 - (OptionalMessage_ERROR) IP (RCC) : Invalid parameter (TIMFreq_Value)
2023-12-18 00:02:34,006 [INFO] UtilMem:75 - End LoadConfig() Used Memory: 326913792 Bytes (542113792)
2023-12-18 00:02:34,088 [INFO] ApiDb:581 - Connected to CubeFinder SQLite database (/home/zero-jedynkowy/.stmcufinder/plugins/mcufinder/mcu/cube-finder-db.db)
2023-12-18 00:02:34,146 [INFO] ApiDb:668 - CubeFinder database Data Model version=2.1
2023-12-18 00:02:34,146 [INFO] ApiDb:669 - CubeFinder database Configuration version=3.0.37
2023-12-18 00:02:34,147 [INFO] ApiDb:670 - CubeFinder database generation date=2023-10-13 (1697197505)
2023-12-18 00:02:34,147 [INFO] ApiDb:671 - CubeFinder database FW Pack versions=[FP-ATR-ASTRA1_V2.0.0, FP-SNS-FLIGHT1_V5.0.1, FP-SNS-FLIGHT1_V5.0.2, FP-SNS-MOTENV1_V4.3.1, FP-SNS-MOTENV1_V4.3.2, FP-SNS-SMARTAG2_V1.2.0, I-CUBE-ITTIADB_V8.6.3-1, STM32Cube_FW_C0_V1.1.0, STM32Cube_FW_F4_V1.27.1, STM32Cube_FW_F7_V1.17.0, STM32Cube_FW_G0_V1.6.1, STM32Cube_FW_G4_V1.5.1, STM32Cube_FW_H5_V0.5.1, STM32Cube_FW_H5_V1.1.1, STM32Cube_FW_H7_V1.11.0, STM32Cube_FW_L0_V1.12.2, STM32Cube_FW_L5_V1.5.0, STM32Cube_FW_U5_V1.3.0, STM32Cube_FW_U5_V1.3.0RC4, STM32Cube_FW_WBA_V1.0.0RC1, STM32Cube_FW_WBA_V1.1.0RC1, STM32Cube_FW_WBA_V1.1.1, STM32Cube_FW_WB_V1.15.0RC1, STM32Cube_FW_WB_V1.16.0, STM32Cube_FW_WB_V1.16.0RC2, STM32Cube_FW_WB_V1.17.3, STM32Cube_FW_WL_V1.3.0, X-CUBE-ALGOBUILD_V1.3.0, X-CUBE-ALS_V1.0.1, X-CUBE-AZRTOS-F4_V1.1.0, X-CUBE-AZRTOS-F7_V1.1.0, X-CUBE-AZRTOS-G0_V1.1.0, X-CUBE-AZRTOS-G4_V2.0.0, X-CUBE-AZRTOS-H7_V3.1.0, X-CUBE-AZRTOS-L4_V1.0.0, X-CUBE-AZRTOS-L4_V2.0.0, X-CUBE-AZRTOS-L5_V1.1.0, X-CUBE-AZRTOS-WB_V2.0.0, X-CUBE-AZRTOS-WL_V2.0.0, X-CUBE-BLE1_V7.0.0, X-CUBE-BLE2_V3.3.0, X-CUBE-BLEMGR_V2.0.0, X-CUBE-EEPRMA1_V4.1.0, X-CUBE-FREERTOS_V1.1.0, X-CUBE-GNSS1_V6.0.0, X-CUBE-MEMS1_V10.0.0, X-CUBE-MEMS1_V9.1.0, X-CUBE-MEMS1_V9.4.0, X-CUBE-MEMS1_V9.6.0, X-CUBE-NFC4_V3.0.0, X-CUBE-NFC7_V1.0.1, X-CUBE-SFXS2LP1_V4.0.0, X-CUBE-SUBG2_V5.0.0, X-CUBE-TOF1_V3.3.1]
2023-12-18 00:02:35,801 [INFO] ApiDb:240 - Found 323 in-development CPN: [B-G473E-ZEST1S, B-WB1M-WPAN1, B-WL5M-SUBG1, NUCLEO-C031C6, NUCLEO-H503RB, NUCLEO-H563ZI, NUCLEO-U545RE-Q, NUCLEO-U5A5ZJ-Q, NUCLEO-WBA52CG, STEVAL-PROTEUS1, STEVAL-SMARTAG2, STEVAL-STWINBX1, STM320518-EVAL, STM32C0116-DK, STM32C011D6Y3TR, STM32C011D6Y6TR, STM32C011F4P3, STM32C011F4P6, STM32C011F4U3, STM32C011F4U6TR, STM32C011F6P3, STM32C011F6P6, STM32C011F6U3, STM32C011F6U6TR, STM32C011J4M3, STM32C011J4M6, STM32C011J6M3, STM32C011J6M6, STM32C0316-DK, STM32C031C4T3, STM32C031C4T6, STM32C031C4U3, STM32C031C4U6, STM32C031C6T3, STM32C031C6T6, STM32C031C6U3, STM32C031C6U6, STM32C031F4P3, STM32C031F4P6, STM32C031F6P3, STM32C031F6P6, STM32C031G4U3, STM32C031G4U6, STM32C031G6U3, STM32C031G6U6, STM32C031K4T3, STM32C031K4T6, STM32C031K4U3, STM32C031K4U6, STM32C031K6T3, STM32C031K6T6, STM32C031K6U3, STM32C031K6U6, STM32G071K8TXN, STM32G071K8UXN, STM32G081GBU6N, STM32G081KBT6N, STM32G081KBUXN, STM32G0B1CCT6N, STM32G0B1KCT6, STM32G0B1NEY6TR, STM32G0B1RCT6N, STM32G0C1CCT6, STM32G0C1CCT6N, STM32G0C1CCU6N, STM32G0C1CET6N, STM32G0C1CEU6N, STM32G0C1KCT6, STM32G0C1NEY6TR, STM32G0C1RCI6N, STM32G0C1RCT6N, STM32G0C1REI6N, STM32G0C1RET6N, STM32G0C1VCI6, STM32G0C1VEI6, STM32G471CCT6, STM32G471CCU6, STM32G471CET3, STM32G471CET6, STM32G471CEU3, STM32G471CEU6, STM32G471MCT6, STM32G471MET3, STM32G471MET6, STM32G471MEY6TR, STM32G471QCT6, STM32G471QET3, STM32G471RCT6, STM32G471RET3, STM32G471RET6, STM32G471VCH6, STM32G471VCI6, STM32G471VCT6, STM32G471VEH3, STM32G471VEH6, STM32G471VEI3, STM32G471VEI6, STM32G471VET3, STM32G471VET6, STM32G474CCT6, STM32H503CBT6, STM32H503CBU6, STM32H503EBY6TR, STM32H503KBU6, STM32H503RBT6, STM32H562AGI6, STM32H562AII6, STM32H562IGK6, STM32H562IGT6, STM32H562IIK6, STM32H562IIT6, STM32H562RGT6, STM32H562RGV6, STM32H562RIT6, STM32H562RIV6, STM32H562VGT6, STM32H562VIT6, STM32H562ZGT6, STM32H562ZIT6, STM32H563AGI6, STM32H563AII3Q, STM32H563AII6, STM32H563IGK6, STM32H563IGT6, STM32H563IIK3Q, STM32H563IIK6, STM32H563IIT3Q, STM32H563IIT6, STM32H563MIY3QTR, STM32H563RGT6, STM32H563RGV6, STM32H563RIT6, STM32H563RIV6, STM32H563VGT6, STM32H563VIT3Q, STM32H563VIT6, STM32H563ZGT6, STM32H563ZIT3Q, STM32H563ZIT6, STM32H573AII3Q, STM32H573AII6, STM32H573I-DK, STM32H573IIK3Q, STM32H573IIK6, STM32H573IIT3Q, STM32H573IIT6, STM32H573MIY3QTR, STM32H573RIT6, STM32H573RIV6, STM32H573VIT3Q, STM32H573VIT6, STM32H573ZIT3Q, STM32H573ZIT6, STM32L4R5QGI6STR, STM32MP131AAE3, STM32MP131AAF3, STM32MP131AAG3, STM32MP131CAE3, STM32MP131CAF3, STM32MP131CAG3, STM32MP131DAE7, STM32MP131DAF7, STM32MP131DAG7, STM32MP131FAE7, STM32MP131FAF7, STM32MP131FAG7, STM32MP133AAE3, STM32MP133AAF3, STM32MP133AAG3, STM32MP133CAE3, STM32MP133CAF3, STM32MP133CAG3, STM32MP133DAE7, STM32MP133DAF7, STM32MP133DAG7, STM32MP133FAE7, STM32MP133FAF7, STM32MP133FAG7, STM32MP135AAE3, STM32MP135AAF3, STM32MP135AAG3, STM32MP135CAE3, STM32MP135CAF3, STM32MP135CAG3, STM32MP135DAE7, STM32MP135DAF7, STM32MP135DAG7, STM32MP135F-DK, STM32MP135FAE7, STM32MP135FAF7, STM32MP135FAF7T, STM32MP135FAF7U, STM32MP135FAG7, STM32U535CBT6, STM32U535CBT6Q, STM32U535CBU6, STM32U535CBU6Q, STM32U535CCT6, STM32U535CCT6Q, STM32U535CCU6, STM32U535CCU6Q, STM32U535CET6, STM32U535CET6Q, STM32U535CEU6, STM32U535CEU6Q, STM32U535JEY6QTR, STM32U535NCY6QTR, STM32U535NEY6QTR, STM32U535RBI6, STM32U535RBI6Q, STM32U535RBT6, STM32U535RBT6Q, STM32U535RCI6, STM32U535RCI6Q, STM32U535RCT6, STM32U535RCT6Q, STM32U535REI6, STM32U535REI6Q, STM32U535RET6, STM32U535RET6Q, STM32U535VCI6, STM32U535VCI6Q, STM32U535VCT6, STM32U535VCT6Q, STM32U535VEI6, STM32U535VEI6Q, STM32U535VET6, STM32U535VET6Q, STM32U545CET6, STM32U545CET6Q, STM32U545CEU6, STM32U545CEU6Q, STM32U545JEY6QTR, STM32U545NEY6QTR, STM32U545REI6, STM32U545REI6Q, STM32U545RET6, STM32U545RET6Q, STM32U545VEI6, STM32U545VEI6Q, STM32U545VET6, STM32U545VET6Q, STM32U595AIH6, STM32U595AIH6Q, STM32U595AJH6, STM32U595AJH6Q, STM32U595QII6, STM32U595QII6Q, STM32U595QJI6, STM32U595QJI6Q, STM32U595RIT6, STM32U595RIT6Q, STM32U595RJT6, STM32U595RJT6Q, STM32U595VIT6, STM32U595VIT6Q, STM32U595VJT6, STM32U595VJT6Q, STM32U595ZIT6, STM32U595ZIT6Q, STM32U595ZIY6QTR, STM32U595ZJT6, STM32U595ZJT6Q, STM32U595ZJY6QTR, STM32U599BJY6QTR, STM32U599NIH6Q, STM32U599NJH6Q, STM32U599VIT6Q, STM32U599VJT6, STM32U599VJT6Q, STM32U599ZIT6Q, STM32U599ZIY6QTR, STM32U599ZJT6Q, STM32U599ZJY6QTR, STM32U5A5AJH6, STM32U5A5AJH6Q, STM32U5A5QJI6, STM32U5A5QJI6Q, STM32U5A5RJT6, STM32U5A5RJT6Q, STM32U5A5VJT6, STM32U5A5VJT6Q, STM32U5A5ZJT6, STM32U5A5ZJT6Q, STM32U5A5ZJY6QTR, STM32U5A9BJY6QTR, STM32U5A9J-DK, STM32U5A9NJH6Q, STM32U5A9VJT6Q, STM32U5A9ZJT6Q, STM32U5A9ZJY6QTR, STM32U5F7VIT6, STM32U5F7VIT6Q, STM32U5F7VJT6, STM32U5F7VJT6Q, STM32U5F9BJY6QTR, STM32U5F9NJH6Q, STM32U5F9VIT6Q, STM32U5F9VJT6Q, STM32U5F9ZIJ6QTR, STM32U5F9ZIT6Q, STM32U5F9ZJJ6QTR, STM32U5F9ZJT6Q, STM32U5G7VJT6, STM32U5G7VJT6Q, STM32U5G9BJY6QTR, STM32U5G9J-DK1, STM32U5G9J-DK2, STM32U5G9NJH6Q, STM32U5G9VJT6Q, STM32U5G9ZJJ6QTR, STM32U5G9ZJT6Q, STM32WB1MMCH6, STM32WBA52CEU6, STM32WBA52CEU6T, STM32WBA52CGU6, STM32WBA52CGU6T, STM32WBA52KEU6, STM32WBA52KEU6T, STM32WBA52KGU6, STM32WBA52KGU6T, STM32WL5MOCH6, STM32WL5MOCH6TR]
2023-12-18 00:02:35,805 [INFO] DbMcus:217 - Found 3848 MCUs, 3848 are supported
2023-12-18 00:02:35,805 [INFO] ApiDb:423 - Load user favorites file /home/zero-jedynkowy/.stm32cubeide/favorites.mcus.txt: 0 item(s)
2023-12-18 00:02:35,806 [INFO] ApiDb:427 - User favorites MCUs=[]
2023-12-18 00:02:35,806 [INFO] DbMcus:223 - Set 0 / 0 favorites MCUs
2023-12-18 00:02:36,146 [WARN] ThirdParty:833 - waiting for thirdparty lock release [change project]
2023-12-18 00:02:36,147 [INFO] ThirdParty:835 - entering critical section [change project]
2023-12-18 00:02:36,147 [INFO] ThirdParty:1030 - CMSIS Pack Vendor :STMicroelectronics X-CUBE-ISPU 1.1.0
2023-12-18 00:02:36,147 [INFO] ThirdParty:1030 - CMSIS Pack Vendor :STMicroelectronics USBPD 4.1
2023-12-18 00:02:36,147 [INFO] ThirdParty:1030 - CMSIS Pack Vendor :STMicroelectronics X-CUBE-GNSS1 6.0.0
2023-12-18 00:02:36,147 [INFO] ThirdParty:1030 - CMSIS Pack Vendor :STMicroelectronics USB_HOST 2.0.0
2023-12-18 00:02:36,147 [INFO] ThirdParty:1030 - CMSIS Pack Vendor :STMicroelectronics X-CUBE-AZRTOS-F4 1.1.0
2023-12-18 00:02:36,147 [INFO] ThirdParty:1030 - CMSIS Pack Vendor :STMicroelectronics LIBJPEG 8.0.0
2023-12-18 00:02:36,147 [INFO] ThirdParty:1030 - CMSIS Pack Vendor :wolfSSL I-CUBE-wolfSSL 5.6.3
2023-12-18 00:02:36,147 [INFO] ThirdParty:1030 - CMSIS Pack Vendor :STMicroelectronics X-CUBE-SMBUS 2.1.0
2023-12-18 00:02:36,147 [INFO] ThirdParty:1030 - CMSIS Pack Vendor :STMicroelectronics USB_DEVICE 3.0.0
2023-12-18 00:02:36,147 [INFO] ThirdParty:1030 - CMSIS Pack Vendor :STMicroelectronics X-CUBE-AZRTOS-WB 2.0.0
2023-12-18 00:02:36,147 [INFO] ThirdParty:1030 - CMSIS Pack Vendor :STMicroelectronics X-CUBE-TOUCHGFX 4.23.0
2023-12-18 00:02:36,147 [INFO] ThirdParty:1030 - CMSIS Pack Vendor :STMicroelectronics X-CUBE-AZRTOS-F7 1.1.0
2023-12-18 00:02:36,147 [INFO] ThirdParty:1030 - CMSIS Pack Vendor :STMicroelectronics X-CUBE-AZRTOS-L5 2.0.0
2023-12-18 00:02:36,147 [INFO] ThirdParty:1030 - CMSIS Pack Vendor :STMicroelectronics USB_DEVICE 2.0.0
2023-12-18 00:02:36,147 [INFO] ThirdParty:1030 - CMSIS Pack Vendor :STMicroelectronics X-CUBE-MEMS1 9.6.0
2023-12-18 00:02:36,147 [INFO] ThirdParty:1030 - CMSIS Pack Vendor :STMicroelectronics X-CUBE-EEPRMA1 4.2.0
2023-12-18 00:02:36,147 [INFO] ThirdParty:1030 - CMSIS Pack Vendor :ITTIA_DB I-CUBE-ITTIADB 8.8.0
2023-12-18 00:02:36,147 [INFO] ThirdParty:1030 - CMSIS Pack Vendor :STMicroelectronics FP-SNS-MOTENV1 4.3.2
2023-12-18 00:02:36,147 [INFO] ThirdParty:1030 - CMSIS Pack Vendor :STMicroelectronics X-CUBE-ALGOBUILD 1.3.0
2023-12-18 00:02:36,147 [INFO] ThirdParty:1030 - CMSIS Pack Vendor :STMicroelectronics FreeRTOS 0.0.1
2023-12-18 00:02:36,148 [INFO] ThirdParty:1030 - CMSIS Pack Vendor :STMicroelectronics X-CUBE-AZRTOS-G0 1.1.0
2023-12-18 00:02:36,148 [INFO] ThirdParty:1030 - CMSIS Pack Vendor :STMicroelectronics X-CUBE-BLEMGR 2.0.0
2023-12-18 00:02:36,148 [INFO] ThirdParty:1030 - CMSIS Pack Vendor :STMicroelectronics X-CUBE-NFC4 3.0.0
2023-12-18 00:02:36,148 [INFO] ThirdParty:1030 - CMSIS Pack Vendor :STMicroelectronics X-CUBE-SUBG2 5.0.0
2023-12-18 00:02:36,148 [INFO] ThirdParty:1030 - CMSIS Pack Vendor :STMicroelectronics STM32_WPAN 1.0.0
2023-12-18 00:02:36,148 [INFO] ThirdParty:1030 - CMSIS Pack Vendor :STMicroelectronics lwIP 2.0.3
2023-12-18 00:02:36,148 [INFO] ThirdParty:1030 - CMSIS Pack Vendor :STMicroelectronics FP-SNS-FLIGHT1 5.0.2
2023-12-18 00:02:36,148 [INFO] ThirdParty:1030 - CMSIS Pack Vendor :STMicroelectronics USB_HOST 1.0.0
2023-12-18 00:02:36,148 [INFO] ThirdParty:1030 - CMSIS Pack Vendor :STMicroelectronics X-CUBE-TOF1 3.3.1
2023-12-18 00:02:36,148 [INFO] ThirdParty:1030 - CMSIS Pack Vendor :STMicroelectronics X-CUBE-AZRTOS-G4 2.0.0
2023-12-18 00:02:36,148 [INFO] ThirdParty:1030 - CMSIS Pack Vendor :STMicroelectronics PDM2PCM 3.1.0
2023-12-18 00:02:36,148 [INFO] ThirdParty:1030 - CMSIS Pack Vendor :STMicroelectronics X-CUBE-AZRTOS-H7 3.1.0
2023-12-18 00:02:36,148 [INFO] ThirdParty:1030 - CMSIS Pack Vendor :Infineon AIROC-Wi-Fi-Bluetooth-STM32 1.5.1
2023-12-18 00:02:36,148 [INFO] ThirdParty:1030 - CMSIS Pack Vendor :STMicroelectronics X-CUBE-BLEMGR 3.0.0
2023-12-18 00:02:36,148 [INFO] ThirdParty:1030 - CMSIS Pack Vendor :STMicroelectronics PDM2PCM 3.3.0
2023-12-18 00:02:36,148 [INFO] ThirdParty:1030 - CMSIS Pack Vendor :STMicroelectronics X-CUBE-DISPLAY 3.0.0
2023-12-18 00:02:36,148 [INFO] ThirdParty:1030 - CMSIS Pack Vendor :STMicroelectronics FP-SNS-MOTENVWB1 1.3.0
2023-12-18 00:02:36,148 [INFO] ThirdParty:1030 - CMSIS Pack Vendor :STMicroelectronics FP-SNS-MOTENVWB1 1.3.1
2023-12-18 00:02:36,149 [INFO] ThirdParty:1030 - CMSIS Pack Vendor :STMicroelectronics X-CUBE-BLE1 7.0.0
2023-12-18 00:02:36,149 [INFO] ThirdParty:1030 - CMSIS Pack Vendor :STMicroelectronics FP-ATR-SIGFOX1 3.2.0
2023-12-18 00:02:36,149 [INFO] ThirdParty:1030 - CMSIS Pack Vendor :STMicroelectronics X-CUBE-ISPU 2.0.0
2023-12-18 00:02:36,149 [INFO] ThirdParty:1030 - CMSIS Pack Vendor :STMicroelectronics HAL Drivers 0.0.0
2023-12-18 00:02:36,149 [INFO] ThirdParty:1030 - CMSIS Pack Vendor :STMicroelectronics MBEDTLS 2.16.2
2023-12-18 00:02:36,149 [INFO] ThirdParty:1030 - CMSIS Pack Vendor :emotas I-CUBE-CANOPEN 1.3.0
2023-12-18 00:02:36,149 [INFO] ThirdParty:1030 - CMSIS Pack Vendor :STMicroelectronics X-CUBE-MEMS1 10.0.0
2023-12-18 00:02:36,149 [INFO] ThirdParty:1030 - CMSIS Pack Vendor :STMicroelectronics X-CUBE-FREERTOS 1.1.0
2023-12-18 00:02:36,149 [INFO] ThirdParty:1030 - CMSIS Pack Vendor :STMicroelectronics X-CUBE-NFC7 1.0.1
2023-12-18 00:02:36,149 [INFO] ThirdParty:1030 - CMSIS Pack Vendor :STMicroelectronics MBEDTLS 2.14.1
2023-12-18 00:02:36,149 [INFO] ThirdParty:1030 - CMSIS Pack Vendor :STMicroelectronics X-CUBE-TOUCHGFX 4.22.1
2023-12-18 00:02:36,149 [INFO] ThirdParty:1030 - CMSIS Pack Vendor :STMicroelectronics X-CUBE-NFC6 3.0.0
2023-12-18 00:02:36,149 [INFO] ThirdParty:1030 - CMSIS Pack Vendor :STMicroelectronics X-CUBE-EEPRMA1 4.1.0
2023-12-18 00:02:36,149 [INFO] ThirdParty:1030 - CMSIS Pack Vendor :portGmbH I-Cube-SoM-uGOAL 1.1.0
2023-12-18 00:02:36,149 [INFO] ThirdParty:1030 - CMSIS Pack Vendor :STMicroelectronics X-CUBE-ALS 1.0.1
2023-12-18 00:02:36,149 [INFO] ThirdParty:1030 - CMSIS Pack Vendor :STMicroelectronics ThreadX 1.0.0
2023-12-18 00:02:36,149 [INFO] ThirdParty:1030 - CMSIS Pack Vendor :STMicroelectronics FP-SNS-SMARTAG2 1.2.0
2023-12-18 00:02:36,149 [INFO] ThirdParty:1030 - CMSIS Pack Vendor :STMicroelectronics X-CUBE-AZRTOS-WL 2.0.0
2023-12-18 00:02:36,149 [INFO] ThirdParty:1030 - CMSIS Pack Vendor :SEGGER I-CUBE-embOS 1.3.1
2023-12-18 00:02:36,149 [INFO] ThirdParty:1030 - CMSIS Pack Vendor :STMicroelectronics USB_DEVICE 1.0.0
2023-12-18 00:02:36,149 [INFO] ThirdParty:1030 - CMSIS Pack Vendor :STMicroelectronics X-CUBE-AI 8.1.0
2023-12-18 00:02:36,149 [INFO] ThirdParty:1030 - CMSIS Pack Vendor :STMicroelectronics X-CUBE-AZRTOS-L4 2.0.0
2023-12-18 00:02:36,149 [INFO] ThirdParty:1030 - CMSIS Pack Vendor :STMicroelectronics ThreadX 0.0.2
2023-12-18 00:02:36,149 [INFO] ThirdParty:1030 - CMSIS Pack Vendor :WES I-CUBE-Cesium 1.3.0
2023-12-18 00:02:36,149 [INFO] ThirdParty:1030 - CMSIS Pack Vendor :STMicroelectronics FP-ATR-ASTRA1 2.0.0
2023-12-18 00:02:36,149 [INFO] ThirdParty:1030 - CMSIS Pack Vendor :STMicroelectronics lwIP 2.1.2
2023-12-18 00:02:36,150 [INFO] ThirdParty:1030 - CMSIS Pack Vendor :STMicroelectronics X-CUBE-SFXS2LP1 4.0.0
2023-12-18 00:02:36,150 [INFO] ThirdParty:1030 - CMSIS Pack Vendor :STMicroelectronics X-CUBE-BLE2 3.3.0
2023-12-18 00:02:36,150 [INFO] ThirdParty:1030 - CMSIS Pack Vendor :STMicroelectronics X-CUBE-TOF1 3.4.0
2023-12-18 00:02:36,150 [INFO] ThirdParty:1030 - CMSIS Pack Vendor :STMicroelectronics X-CUBE-AZRTOS-H7 3.2.0
2023-12-18 00:02:36,150 [INFO] ThirdParty:1030 - CMSIS Pack Vendor :STMicroelectronics PDM2PCM 3.2.0
2023-12-18 00:02:36,150 [INFO] ThirdParty:841 - exiting critical section [change project]
2023-12-18 00:02:36,513 [INFO] PinOutPanel:1499 - setPackage(No Configuration,No Configuration)
2023-12-18 00:02:36,516 [INFO] PinOutPanel:1499 - setPackage(STM32L073RZTx,LQFP64)
2023-12-18 00:02:36,896 [INFO] UtilMem:75 - Before build in PCC Used Memory: 324660936 Bytes (601882624)
2023-12-18 00:02:37,495 [INFO] UtilMem:75 - After build in PCC Used Memory: 473034480 Bytes (601882624)
2023-12-18 00:02:37,533 [INFO] IPUIPlugin:80 - create IPUIPlugin
2023-12-18 00:02:37,533 [INFO] IPUIPlugin:80 - create IPUIPlugin
2023-12-18 00:02:37,533 [INFO] IPUIPlugin:80 - create IPUIPlugin
2023-12-18 00:02:37,533 [INFO] IPUIPlugin:80 - create IPUIPlugin
2023-12-18 00:02:37,533 [INFO] IPUIPlugin:80 - create IPUIPlugin
2023-12-18 00:02:37,534 [INFO] IPUIPlugin:80 - create IPUIPlugin
2023-12-18 00:02:37,534 [INFO] IPUIPlugin:80 - create IPUIPlugin
2023-12-18 00:02:37,534 [INFO] IPUIPlugin:80 - create IPUIPlugin
2023-12-18 00:02:37,534 [INFO] IPUIPlugin:80 - create IPUIPlugin
2023-12-18 00:02:37,534 [INFO] IPUIPlugin:80 - create IPUIPlugin
2023-12-18 00:02:37,535 [INFO] IPUIPlugin:80 - create IPUIPlugin
2023-12-18 00:02:37,535 [INFO] IPUIPlugin:80 - create IPUIPlugin
2023-12-18 00:02:37,535 [INFO] IPUIPlugin:80 - create IPUIPlugin
2023-12-18 00:02:37,535 [INFO] IPUIPlugin:80 - create IPUIPlugin
2023-12-18 00:02:37,535 [INFO] IPUIPlugin:80 - create IPUIPlugin
2023-12-18 00:02:37,536 [INFO] IPUIPlugin:80 - create IPUIPlugin
2023-12-18 00:02:37,536 [INFO] IPUIPlugin:80 - create IPUIPlugin
2023-12-18 00:02:37,536 [INFO] IPUIPlugin:80 - create IPUIPlugin
2023-12-18 00:02:37,536 [INFO] IPUIPlugin:80 - create IPUIPlugin
2023-12-18 00:02:37,537 [INFO] IPUIPlugin:80 - create IPUIPlugin
2023-12-18 00:02:37,537 [INFO] IPUIPlugin:80 - create IPUIPlugin
2023-12-18 00:02:37,537 [INFO] IPUIPlugin:80 - create IPUIPlugin
2023-12-18 00:02:37,537 [INFO] IPUIPlugin:80 - create IPUIPlugin
2023-12-18 00:02:37,538 [INFO] IPUIPlugin:80 - create IPUIPlugin
2023-12-18 00:02:37,538 [INFO] IPUIPlugin:80 - create IPUIPlugin
2023-12-18 00:02:37,538 [INFO] IPUIPlugin:80 - create IPUIPlugin
2023-12-18 00:02:37,538 [INFO] IPUIPlugin:80 - create IPUIPlugin
2023-12-18 00:02:37,539 [INFO] IPUIPlugin:80 - create IPUIPlugin
2023-12-18 00:02:37,539 [INFO] IPUIPlugin:80 - create IPUIPlugin
2023-12-18 00:02:37,539 [INFO] IPUIPlugin:80 - create IPUIPlugin
2023-12-18 00:02:37,539 [INFO] IPUIPlugin:80 - create IPUIPlugin
2023-12-18 00:02:37,539 [INFO] IPUIPlugin:80 - create IPUIPlugin
2023-12-18 00:02:37,540 [INFO] IPUIPlugin:80 - create IPUIPlugin
2023-12-18 00:02:37,540 [INFO] IPUIPlugin:80 - create IPUIPlugin
2023-12-18 00:02:37,540 [INFO] IPUIPlugin:80 - create IPUIPlugin
2023-12-18 00:02:37,540 [INFO] IPUIPlugin:80 - create IPUIPlugin
2023-12-18 00:02:37,540 [INFO] IPUIPlugin:80 - create IPUIPlugin
2023-12-18 00:02:37,541 [INFO] IPUIPlugin:80 - create IPUIPlugin
2023-12-18 00:02:37,541 [INFO] IPUIPlugin:80 - create IPUIPlugin
2023-12-18 00:02:37,754 [INFO] CADModel:165 - CPN selected for project levelSTM32L073RZT3
2023-12-18 00:02:37,754 [INFO] CADModel:114 - Register for checkConnection events
2023-12-18 00:02:37,794 [INFO] OpenFileManager:328 - Restore cursor
2023-12-18 00:09:27,660 [INFO] UtilMem:75 - End SaveConfig() Used Memory: 446223744 Bytes (601882624)
2023-12-18 00:09:28,171 [INFO] BlockDiagram:2759 - set Specific Code input for plugin: RTC
2023-12-18 00:09:28,172 [INFO] BlockDiagram:2759 - set Specific Code input for plugin: NVIC
2023-12-18 00:09:28,172 [INFO] BlockDiagram:2759 - set Specific Code input for plugin: TIM1_8L0
2023-12-18 00:09:28,172 [INFO] BlockDiagram:2759 - set Specific Code input for plugin: TIM1_8L0
2023-12-18 00:09:28,172 [INFO] BlockDiagram:2759 - set Specific Code input for plugin: GPIO
2023-12-18 00:09:28,172 [INFO] BlockDiagram:2759 - set Specific Code input for plugin: RCC
2023-12-18 00:09:28,173 [INFO] CodeGenerator:799 - code generatio: config db path: /opt/st/stm32cubeide_1.13.2/plugins/com.st.stm32cube.common.mx_6.9.2.202309101412//db/
2023-12-18 00:09:28,363 [INFO] CodeEngine:255 - oldGeneratedFile, /home/zero-jedynkowy/Pulpit/PMIK/pmik_projekt_ka_jj_zegar/stm32workspace/ZEGAR_PMIK/MXTmpFiles/license.tmp_save
2023-12-18 00:09:28,660 [INFO] CodeEngine:279 - Generated code: /home/zero-jedynkowy/Pulpit/PMIK/pmik_projekt_ka_jj_zegar/stm32workspace/ZEGAR_PMIK/MXTmpFiles/license.tmp
2023-12-18 00:09:28,783 [INFO] CodeEngine:255 - oldGeneratedFile, /home/zero-jedynkowy/Pulpit/PMIK/pmik_projekt_ka_jj_zegar/stm32workspace/ZEGAR_PMIK/MXTmpFiles/gpio.tmp_save
2023-12-18 00:09:28,888 [INFO] CodeEngine:279 - Generated code: /home/zero-jedynkowy/Pulpit/PMIK/pmik_projekt_ka_jj_zegar/stm32workspace/ZEGAR_PMIK/MXTmpFiles/gpio.tmp
2023-12-18 00:09:29,175 [INFO] CodeEngine:255 - oldGeneratedFile, /home/zero-jedynkowy/Pulpit/PMIK/pmik_projekt_ka_jj_zegar/stm32workspace/ZEGAR_PMIK/Core/Src/stm32l0xx_it.c_save
2023-12-18 00:09:29,336 [INFO] CodeEngine:279 - Generated code: /home/zero-jedynkowy/Pulpit/PMIK/pmik_projekt_ka_jj_zegar/stm32workspace/ZEGAR_PMIK/Core/Src/stm32l0xx_it.c
2023-12-18 00:09:29,338 [INFO] CodeEngine:255 - oldGeneratedFile, /home/zero-jedynkowy/Pulpit/PMIK/pmik_projekt_ka_jj_zegar/stm32workspace/ZEGAR_PMIK/Core/Inc/stm32l0xx_it.h_save
2023-12-18 00:09:29,402 [INFO] CodeEngine:279 - Generated code: /home/zero-jedynkowy/Pulpit/PMIK/pmik_projekt_ka_jj_zegar/stm32workspace/ZEGAR_PMIK/Core/Inc/stm32l0xx_it.h
2023-12-18 00:09:29,446 [INFO] CodeEngine:255 - oldGeneratedFile, /home/zero-jedynkowy/Pulpit/PMIK/pmik_projekt_ka_jj_zegar/stm32workspace/ZEGAR_PMIK/Core/Src/stm32l0xx_hal_msp.c_save
2023-12-18 00:09:29,544 [INFO] CodeEngine:279 - Generated code: /home/zero-jedynkowy/Pulpit/PMIK/pmik_projekt_ka_jj_zegar/stm32workspace/ZEGAR_PMIK/Core/Src/stm32l0xx_hal_msp.c
2023-12-18 00:09:29,546 [INFO] CodeEngine:255 - oldGeneratedFile, /home/zero-jedynkowy/Pulpit/PMIK/pmik_projekt_ka_jj_zegar/stm32workspace/ZEGAR_PMIK/MXTmpFiles/system.tmp_save
2023-12-18 00:09:29,605 [INFO] CodeEngine:279 - Generated code: /home/zero-jedynkowy/Pulpit/PMIK/pmik_projekt_ka_jj_zegar/stm32workspace/ZEGAR_PMIK/MXTmpFiles/system.tmp
2023-12-18 00:09:29,609 [INFO] CodeEngine:311 - oldGeneratedFile, /home/zero-jedynkowy/Pulpit/PMIK/pmik_projekt_ka_jj_zegar/stm32workspace/ZEGAR_PMIK/Core/Inc/stm32l0xx_hal_conf.h_save
2023-12-18 00:09:29,675 [INFO] CodeEngine:335 - Generated code: /home/zero-jedynkowy/Pulpit/PMIK/pmik_projekt_ka_jj_zegar/stm32workspace/ZEGAR_PMIK/Core/Inc/stm32l0xx_hal_conf.h
2023-12-18 00:09:29,699 [WARN] IPConfigManager:3431 - IP not found : TIM
2023-12-18 00:09:29,699 [WARN] CodeGenerator:3764 - IP not found : null
2023-12-18 00:09:29,702 [INFO] CodeEngine:255 - oldGeneratedFile, /home/zero-jedynkowy/Pulpit/PMIK/pmik_projekt_ka_jj_zegar/stm32workspace/ZEGAR_PMIK/Core/Inc/main.h_save
2023-12-18 00:09:29,774 [INFO] CodeEngine:279 - Generated code: /home/zero-jedynkowy/Pulpit/PMIK/pmik_projekt_ka_jj_zegar/stm32workspace/ZEGAR_PMIK/Core/Inc/main.h
2023-12-18 00:09:29,776 [INFO] CodeEngine:255 - oldGeneratedFile, /home/zero-jedynkowy/Pulpit/PMIK/pmik_projekt_ka_jj_zegar/stm32workspace/ZEGAR_PMIK/Core/Src/main.c_save
2023-12-18 00:09:29,902 [INFO] CodeEngine:279 - Generated code: /home/zero-jedynkowy/Pulpit/PMIK/pmik_projekt_ka_jj_zegar/stm32workspace/ZEGAR_PMIK/Core/Src/main.c
2023-12-18 00:09:30,478 [INFO] ProjectBuilder:3064 - Time for Copy HAL[1] : 49mS.
2023-12-18 00:09:30,483 [INFO] ProjectBuilder:4404 - Project Generator version: 4.1.0
2023-12-18 00:09:30,750 [INFO] ConfigFileManager:1457 - The Die is : DIE447
2023-12-18 00:09:30,779 [INFO] ApiDbMcu:507 - Load IP Config File for FATFS
2023-12-18 00:09:30,818 [INFO] ApiDbMcu:507 - Load IP Config File for FREERTOS
2023-12-18 00:09:31,001 [INFO] ApiDbMcu:507 - Load IP Config File for TOUCHSENSING
2023-12-18 00:09:31,031 [INFO] ApiDbMcu:507 - Load IP Config File for USB_DEVICE
2023-12-18 00:09:32,212 [INFO] ProjectBuilder:4626 - Time for Generating toolchain IDE Files: 1729mS.
2023-12-18 00:09:32,213 [INFO] ProjectBuilder:2935 - Time for Copy CMSIS : 0mS.
2023-12-18 00:09:32,214 [INFO] ProjectBuilder:2935 - Time for Copy CMSIS : 0mS.
2023-12-18 00:53:33,486 [INFO] MainUpdater:2868 - connection check result : 10
2023-12-18 00:53:33,486 [INFO] MainUpdater:2868 - connection check result : 10
2023-12-18 00:53:33,521 [INFO] MicroXplorer:468 - Change Database Path : 
2023-12-18 00:53:33,521 [INFO] MicroXplorer:498 - Change Database Version : DB.6.0.92
2023-12-18 00:53:33,548 [WARN] ThirdParty:871 - waiting for thirdparty lock release [close project]
2023-12-18 00:53:33,548 [INFO] ThirdParty:873 - entering critical section [close project]
2023-12-18 00:53:33,548 [INFO] ThirdParty:883 - exiting critical section [close project]
2023-12-18 00:53:33,558 [INFO] PinOutPanel:1499 - setPackage(No Configuration,No Configuration)
2023-12-18 00:53:33,568 [INFO] UtilMem:75 - Begin LoadConfig() Used Memory: 239466384 Bytes (671088640)
2023-12-18 00:53:33,569 [INFO] MicroXplorer:468 - Change Database Path : 
2023-12-18 00:53:33,569 [INFO] MicroXplorer:498 - Change Database Version : DB.6.0.92
2023-12-18 00:53:33,569 [INFO] OpenFileManager:308 - Change cursor
2023-12-18 00:53:33,582 [INFO] RulesReader:64 - Compatibility file has been processed (293 Rules)
2023-12-18 00:53:33,584 [INFO] Mcu:1946 - Initializing MCU STM32L073R(B-Z)Tx STM32L073RZTx STM32L073RZT3
2023-12-18 00:53:34,178 [INFO] Context:659 - Trying to add GPIOservice into a context  which must be forbidden
2023-12-18 00:53:34,521 [INFO] RtosManager:555 - Registered RTOS mode: class=CMSIS, group=RTOS, mode=CMSIS_V1, owner=FREERTOS
2023-12-18 00:53:34,522 [INFO] RtosManager:555 - Registered RTOS mode: class=CMSIS, group=RTOS2, mode=CMSIS_V2, owner=FREERTOS
2023-12-18 00:53:34,522 [INFO] RtosManager:555 - Registered RTOS mode: class=RTOS, group=Core, mode=CMSIS_V1, owner=FREERTOS
2023-12-18 00:53:34,522 [INFO] RtosManager:555 - Registered RTOS mode: class=RTOS, group=Core, mode=CMSIS_V2, owner=FREERTOS
2023-12-18 00:53:34,522 [WARN] ModelIntegratedComponent:184 - Missing modes for component STMicroelectronics:FreeRTOS:0.0.1:STMicroelectronics:RTOS:FreeRTOS:Core:::10.2.0:
2023-12-18 00:53:34,530 [WARN] ModelIntegratedComponent:63 - No mode defined for component null
2023-12-18 00:53:34,530 [WARN] ModelIntegratedComponent:63 - No mode defined for component null
2023-12-18 00:53:34,530 [WARN] ModelIntegratedComponent:63 - No mode defined for component null
2023-12-18 00:53:34,530 [WARN] ModelIntegratedComponent:63 - No mode defined for component null
2023-12-18 00:53:34,530 [WARN] ModelIntegratedComponent:63 - No mode defined for component null
2023-12-18 00:53:34,530 [WARN] ModelIntegratedComponent:63 - No mode defined for component null
2023-12-18 00:53:34,530 [WARN] ModelIntegratedComponent:63 - No mode defined for component null
2023-12-18 00:53:34,530 [WARN] ModelIntegratedComponent:63 - No mode defined for component null
2023-12-18 00:53:34,530 [WARN] ModelIntegratedComponent:63 - No mode defined for component null
2023-12-18 00:53:34,530 [WARN] ModelIntegratedComponent:63 - No mode defined for component null
2023-12-18 00:53:34,530 [WARN] ModelIntegratedComponent:63 - No mode defined for component null
2023-12-18 00:53:34,530 [WARN] ModelIntegratedComponent:63 - No mode defined for component null
2023-12-18 00:53:34,530 [WARN] ModelIntegratedComponent:63 - No mode defined for component null
2023-12-18 00:53:34,530 [WARN] ModelIntegratedComponent:63 - No mode defined for component null
2023-12-18 00:53:34,530 [WARN] ModelIntegratedComponent:63 - No mode defined for component null
2023-12-18 00:53:34,530 [WARN] ModelIntegratedComponent:63 - No mode defined for component null
2023-12-18 00:53:34,530 [WARN] ModelIntegratedComponent:63 - No mode defined for component null
2023-12-18 00:53:34,530 [WARN] ModelIntegratedComponent:63 - No mode defined for component null
2023-12-18 00:53:34,530 [WARN] ModelIntegratedComponent:63 - No mode defined for component null
2023-12-18 00:53:34,531 [WARN] ModelIntegratedComponent:63 - No mode defined for component null
2023-12-18 00:53:34,531 [WARN] ModelIntegratedComponent:63 - No mode defined for component null
2023-12-18 00:53:34,531 [WARN] ModelIntegratedComponent:63 - No mode defined for component null
2023-12-18 00:53:34,531 [WARN] ModelIntegratedComponent:63 - No mode defined for component null
2023-12-18 00:53:34,531 [WARN] ModelIntegratedComponent:63 - No mode defined for component null
2023-12-18 00:53:34,531 [WARN] ModelIntegratedComponent:63 - No mode defined for component null
2023-12-18 00:53:34,531 [WARN] ModelIntegratedComponent:63 - No mode defined for component null
2023-12-18 00:53:34,531 [WARN] ModelIntegratedComponent:63 - No mode defined for component null
2023-12-18 00:53:34,531 [WARN] ModelIntegratedComponent:63 - No mode defined for component null
2023-12-18 00:53:34,531 [WARN] ModelIntegratedComponent:63 - No mode defined for component null
2023-12-18 00:53:34,531 [WARN] ModelIntegratedComponent:63 - No mode defined for component null
2023-12-18 00:53:34,531 [WARN] ModelIntegratedComponent:63 - No mode defined for component null
2023-12-18 00:53:34,531 [WARN] ModelIntegratedComponent:63 - No mode defined for component null
2023-12-18 00:53:34,531 [WARN] ModelIntegratedComponent:63 - No mode defined for component null
2023-12-18 00:53:34,600 [INFO] ThirdPartyModel:298 - Start build external matchings
2023-12-18 00:53:35,159 [INFO] ThirdPartyModel:316 - End build external matchings
2023-12-18 00:53:35,169 [INFO] ImportTextPane:194 - (OptionalMessage_ERROR) IP (RCC) : Parameter (48USBFreq_Value) has invalid value (32000000)
2023-12-18 00:53:35,169 [INFO] ImportTextPane:194 - (OptionalMessage_ERROR) IP (RCC) : Invalid parameter (FamilyName)
2023-12-18 00:53:35,170 [INFO] ImportTextPane:194 - (OptionalMessage_ERROR) IP (RCC) : Invalid parameter (PWRFreq_Value)
2023-12-18 00:53:35,170 [INFO] ImportTextPane:194 - (OptionalMessage_ERROR) IP (RCC) : Parameter (RTCHSEDivFreq_Value) has invalid value (4000000)
2023-12-18 00:53:35,170 [INFO] ImportTextPane:194 - (OptionalMessage_ERROR) IP (RCC) : Invalid parameter (TIMFreq_Value)
2023-12-18 00:53:35,298 [INFO] UtilMem:75 - End LoadConfig() Used Memory: 348863528 Bytes (671088640)
2023-12-18 00:53:35,329 [WARN] ThirdParty:833 - waiting for thirdparty lock release [change project]
2023-12-18 00:53:35,329 [INFO] ThirdParty:835 - entering critical section [change project]
2023-12-18 00:53:35,329 [INFO] ThirdParty:1030 - CMSIS Pack Vendor :STMicroelectronics X-CUBE-ISPU 1.1.0
2023-12-18 00:53:35,329 [INFO] ThirdParty:1030 - CMSIS Pack Vendor :STMicroelectronics USBPD 4.1
2023-12-18 00:53:35,329 [INFO] ThirdParty:1030 - CMSIS Pack Vendor :STMicroelectronics X-CUBE-GNSS1 6.0.0
2023-12-18 00:53:35,329 [INFO] ThirdParty:1030 - CMSIS Pack Vendor :STMicroelectronics USB_HOST 2.0.0
2023-12-18 00:53:35,329 [INFO] ThirdParty:1030 - CMSIS Pack Vendor :STMicroelectronics X-CUBE-AZRTOS-F4 1.1.0
2023-12-18 00:53:35,329 [INFO] ThirdParty:1030 - CMSIS Pack Vendor :STMicroelectronics LIBJPEG 8.0.0
2023-12-18 00:53:35,329 [INFO] ThirdParty:1030 - CMSIS Pack Vendor :wolfSSL I-CUBE-wolfSSL 5.6.3
2023-12-18 00:53:35,329 [INFO] ThirdParty:1030 - CMSIS Pack Vendor :STMicroelectronics X-CUBE-SMBUS 2.1.0
2023-12-18 00:53:35,329 [INFO] ThirdParty:1030 - CMSIS Pack Vendor :STMicroelectronics USB_DEVICE 3.0.0
2023-12-18 00:53:35,329 [INFO] ThirdParty:1030 - CMSIS Pack Vendor :STMicroelectronics X-CUBE-AZRTOS-WB 2.0.0
2023-12-18 00:53:35,329 [INFO] ThirdParty:1030 - CMSIS Pack Vendor :STMicroelectronics X-CUBE-TOUCHGFX 4.23.0
2023-12-18 00:53:35,329 [INFO] ThirdParty:1030 - CMSIS Pack Vendor :STMicroelectronics X-CUBE-AZRTOS-F7 1.1.0
2023-12-18 00:53:35,329 [INFO] ThirdParty:1030 - CMSIS Pack Vendor :STMicroelectronics X-CUBE-AZRTOS-L5 2.0.0
2023-12-18 00:53:35,329 [INFO] ThirdParty:1030 - CMSIS Pack Vendor :STMicroelectronics USB_DEVICE 2.0.0
2023-12-18 00:53:35,330 [INFO] ThirdParty:1030 - CMSIS Pack Vendor :STMicroelectronics X-CUBE-MEMS1 9.6.0
2023-12-18 00:53:35,330 [INFO] ThirdParty:1030 - CMSIS Pack Vendor :STMicroelectronics X-CUBE-EEPRMA1 4.2.0
2023-12-18 00:53:35,330 [INFO] ThirdParty:1030 - CMSIS Pack Vendor :ITTIA_DB I-CUBE-ITTIADB 8.8.0
2023-12-18 00:53:35,330 [INFO] ThirdParty:1030 - CMSIS Pack Vendor :STMicroelectronics FP-SNS-MOTENV1 4.3.2
2023-12-18 00:53:35,330 [INFO] ThirdParty:1030 - CMSIS Pack Vendor :STMicroelectronics X-CUBE-ALGOBUILD 1.3.0
2023-12-18 00:53:35,330 [INFO] ThirdParty:1030 - CMSIS Pack Vendor :STMicroelectronics FreeRTOS 0.0.1
2023-12-18 00:53:35,330 [INFO] ThirdParty:1030 - CMSIS Pack Vendor :STMicroelectronics X-CUBE-AZRTOS-G0 1.1.0
2023-12-18 00:53:35,330 [INFO] ThirdParty:1030 - CMSIS Pack Vendor :STMicroelectronics X-CUBE-BLEMGR 2.0.0
2023-12-18 00:53:35,330 [INFO] ThirdParty:1030 - CMSIS Pack Vendor :STMicroelectronics X-CUBE-NFC4 3.0.0
2023-12-18 00:53:35,330 [INFO] ThirdParty:1030 - CMSIS Pack Vendor :STMicroelectronics X-CUBE-SUBG2 5.0.0
2023-12-18 00:53:35,330 [INFO] ThirdParty:1030 - CMSIS Pack Vendor :STMicroelectronics STM32_WPAN 1.0.0
2023-12-18 00:53:35,330 [INFO] ThirdParty:1030 - CMSIS Pack Vendor :STMicroelectronics lwIP 2.0.3
2023-12-18 00:53:35,330 [INFO] ThirdParty:1030 - CMSIS Pack Vendor :STMicroelectronics FP-SNS-FLIGHT1 5.0.2
2023-12-18 00:53:35,330 [INFO] ThirdParty:1030 - CMSIS Pack Vendor :STMicroelectronics USB_HOST 1.0.0
2023-12-18 00:53:35,330 [INFO] ThirdParty:1030 - CMSIS Pack Vendor :STMicroelectronics X-CUBE-TOF1 3.3.1
2023-12-18 00:53:35,330 [INFO] ThirdParty:1030 - CMSIS Pack Vendor :STMicroelectronics X-CUBE-AZRTOS-G4 2.0.0
2023-12-18 00:53:35,330 [INFO] ThirdParty:1030 - CMSIS Pack Vendor :STMicroelectronics PDM2PCM 3.1.0
2023-12-18 00:53:35,330 [INFO] ThirdParty:1030 - CMSIS Pack Vendor :STMicroelectronics X-CUBE-AZRTOS-H7 3.1.0
2023-12-18 00:53:35,330 [INFO] ThirdParty:1030 - CMSIS Pack Vendor :Infineon AIROC-Wi-Fi-Bluetooth-STM32 1.5.1
2023-12-18 00:53:35,330 [INFO] ThirdParty:1030 - CMSIS Pack Vendor :STMicroelectronics X-CUBE-BLEMGR 3.0.0
2023-12-18 00:53:35,330 [INFO] ThirdParty:1030 - CMSIS Pack Vendor :STMicroelectronics PDM2PCM 3.3.0
2023-12-18 00:53:35,330 [INFO] ThirdParty:1030 - CMSIS Pack Vendor :STMicroelectronics X-CUBE-DISPLAY 3.0.0
2023-12-18 00:53:35,330 [INFO] ThirdParty:1030 - CMSIS Pack Vendor :STMicroelectronics FP-SNS-MOTENVWB1 1.3.0
2023-12-18 00:53:35,330 [INFO] ThirdParty:1030 - CMSIS Pack Vendor :STMicroelectronics FP-SNS-MOTENVWB1 1.3.1
2023-12-18 00:53:35,330 [INFO] ThirdParty:1030 - CMSIS Pack Vendor :STMicroelectronics X-CUBE-BLE1 7.0.0
2023-12-18 00:53:35,330 [INFO] ThirdParty:1030 - CMSIS Pack Vendor :STMicroelectronics FP-ATR-SIGFOX1 3.2.0
2023-12-18 00:53:35,331 [INFO] ThirdParty:1030 - CMSIS Pack Vendor :STMicroelectronics X-CUBE-ISPU 2.0.0
2023-12-18 00:53:35,331 [INFO] ThirdParty:1030 - CMSIS Pack Vendor :STMicroelectronics HAL Drivers 0.0.0
2023-12-18 00:53:35,331 [INFO] ThirdParty:1030 - CMSIS Pack Vendor :STMicroelectronics MBEDTLS 2.16.2
2023-12-18 00:53:35,331 [INFO] ThirdParty:1030 - CMSIS Pack Vendor :emotas I-CUBE-CANOPEN 1.3.0
2023-12-18 00:53:35,331 [INFO] ThirdParty:1030 - CMSIS Pack Vendor :STMicroelectronics X-CUBE-MEMS1 10.0.0
2023-12-18 00:53:35,331 [INFO] ThirdParty:1030 - CMSIS Pack Vendor :STMicroelectronics X-CUBE-FREERTOS 1.1.0
2023-12-18 00:53:35,331 [INFO] ThirdParty:1030 - CMSIS Pack Vendor :STMicroelectronics X-CUBE-NFC7 1.0.1
2023-12-18 00:53:35,331 [INFO] ThirdParty:1030 - CMSIS Pack Vendor :STMicroelectronics MBEDTLS 2.14.1
2023-12-18 00:53:35,331 [INFO] ThirdParty:1030 - CMSIS Pack Vendor :STMicroelectronics X-CUBE-TOUCHGFX 4.22.1
2023-12-18 00:53:35,331 [INFO] ThirdParty:1030 - CMSIS Pack Vendor :STMicroelectronics X-CUBE-NFC6 3.0.0
2023-12-18 00:53:35,331 [INFO] ThirdParty:1030 - CMSIS Pack Vendor :STMicroelectronics X-CUBE-EEPRMA1 4.1.0
2023-12-18 00:53:35,331 [INFO] ThirdParty:1030 - CMSIS Pack Vendor :portGmbH I-Cube-SoM-uGOAL 1.1.0
2023-12-18 00:53:35,331 [INFO] ThirdParty:1030 - CMSIS Pack Vendor :STMicroelectronics X-CUBE-ALS 1.0.1
2023-12-18 00:53:35,331 [INFO] ThirdParty:1030 - CMSIS Pack Vendor :STMicroelectronics ThreadX 1.0.0
2023-12-18 00:53:35,331 [INFO] ThirdParty:1030 - CMSIS Pack Vendor :STMicroelectronics FP-SNS-SMARTAG2 1.2.0
2023-12-18 00:53:35,331 [INFO] ThirdParty:1030 - CMSIS Pack Vendor :STMicroelectronics X-CUBE-AZRTOS-WL 2.0.0
2023-12-18 00:53:35,331 [INFO] ThirdParty:1030 - CMSIS Pack Vendor :SEGGER I-CUBE-embOS 1.3.1
2023-12-18 00:53:35,331 [INFO] ThirdParty:1030 - CMSIS Pack Vendor :STMicroelectronics USB_DEVICE 1.0.0
2023-12-18 00:53:35,331 [INFO] ThirdParty:1030 - CMSIS Pack Vendor :STMicroelectronics X-CUBE-AI 8.1.0
2023-12-18 00:53:35,331 [INFO] ThirdParty:1030 - CMSIS Pack Vendor :STMicroelectronics X-CUBE-AZRTOS-L4 2.0.0
2023-12-18 00:53:35,331 [INFO] ThirdParty:1030 - CMSIS Pack Vendor :STMicroelectronics ThreadX 0.0.2
2023-12-18 00:53:35,331 [INFO] ThirdParty:1030 - CMSIS Pack Vendor :WES I-CUBE-Cesium 1.3.0
2023-12-18 00:53:35,331 [INFO] ThirdParty:1030 - CMSIS Pack Vendor :STMicroelectronics FP-ATR-ASTRA1 2.0.0
2023-12-18 00:53:35,331 [INFO] ThirdParty:1030 - CMSIS Pack Vendor :STMicroelectronics lwIP 2.1.2
2023-12-18 00:53:35,331 [INFO] ThirdParty:1030 - CMSIS Pack Vendor :STMicroelectronics X-CUBE-SFXS2LP1 4.0.0
2023-12-18 00:53:35,331 [INFO] ThirdParty:1030 - CMSIS Pack Vendor :STMicroelectronics X-CUBE-BLE2 3.3.0
2023-12-18 00:53:35,331 [INFO] ThirdParty:1030 - CMSIS Pack Vendor :STMicroelectronics X-CUBE-TOF1 3.4.0
2023-12-18 00:53:35,331 [INFO] ThirdParty:1030 - CMSIS Pack Vendor :STMicroelectronics X-CUBE-AZRTOS-H7 3.2.0
2023-12-18 00:53:35,332 [INFO] ThirdParty:1030 - CMSIS Pack Vendor :STMicroelectronics PDM2PCM 3.2.0
2023-12-18 00:53:35,332 [INFO] ThirdParty:841 - exiting critical section [change project]
2023-12-18 00:53:35,600 [INFO] PinOutPanel:1499 - setPackage(No Configuration,No Configuration)
2023-12-18 00:53:35,601 [INFO] PinOutPanel:1499 - setPackage(STM32L073RZTx,LQFP64)
2023-12-18 00:53:35,764 [INFO] UtilMem:75 - Before build in PCC Used Memory: 504983848 Bytes (671088640)
2023-12-18 00:53:35,982 [INFO] UtilMem:75 - After build in PCC Used Memory: 555315496 Bytes (671088640)
2023-12-18 00:53:36,001 [INFO] IPUIPlugin:80 - create IPUIPlugin
2023-12-18 00:53:36,001 [INFO] IPUIPlugin:80 - create IPUIPlugin
2023-12-18 00:53:36,001 [INFO] IPUIPlugin:80 - create IPUIPlugin
2023-12-18 00:53:36,001 [INFO] IPUIPlugin:80 - create IPUIPlugin
2023-12-18 00:53:36,001 [INFO] IPUIPlugin:80 - create IPUIPlugin
2023-12-18 00:53:36,001 [INFO] IPUIPlugin:80 - create IPUIPlugin
2023-12-18 00:53:36,001 [INFO] IPUIPlugin:80 - create IPUIPlugin
2023-12-18 00:53:36,002 [INFO] IPUIPlugin:80 - create IPUIPlugin
2023-12-18 00:53:36,002 [INFO] IPUIPlugin:80 - create IPUIPlugin
2023-12-18 00:53:36,002 [INFO] IPUIPlugin:80 - create IPUIPlugin
2023-12-18 00:53:36,002 [INFO] IPUIPlugin:80 - create IPUIPlugin
2023-12-18 00:53:36,002 [INFO] IPUIPlugin:80 - create IPUIPlugin
2023-12-18 00:53:36,002 [INFO] IPUIPlugin:80 - create IPUIPlugin
2023-12-18 00:53:36,002 [INFO] IPUIPlugin:80 - create IPUIPlugin
2023-12-18 00:53:36,002 [INFO] IPUIPlugin:80 - create IPUIPlugin
2023-12-18 00:53:36,003 [INFO] IPUIPlugin:80 - create IPUIPlugin
2023-12-18 00:53:36,003 [INFO] IPUIPlugin:80 - create IPUIPlugin
2023-12-18 00:53:36,003 [INFO] IPUIPlugin:80 - create IPUIPlugin
2023-12-18 00:53:36,003 [INFO] IPUIPlugin:80 - create IPUIPlugin
2023-12-18 00:53:36,003 [INFO] IPUIPlugin:80 - create IPUIPlugin
2023-12-18 00:53:36,003 [INFO] IPUIPlugin:80 - create IPUIPlugin
2023-12-18 00:53:36,003 [INFO] IPUIPlugin:80 - create IPUIPlugin
2023-12-18 00:53:36,003 [INFO] IPUIPlugin:80 - create IPUIPlugin
2023-12-18 00:53:36,003 [INFO] IPUIPlugin:80 - create IPUIPlugin
2023-12-18 00:53:36,004 [INFO] IPUIPlugin:80 - create IPUIPlugin
2023-12-18 00:53:36,004 [INFO] IPUIPlugin:80 - create IPUIPlugin
2023-12-18 00:53:36,004 [INFO] IPUIPlugin:80 - create IPUIPlugin
2023-12-18 00:53:36,004 [INFO] IPUIPlugin:80 - create IPUIPlugin
2023-12-18 00:53:36,004 [INFO] IPUIPlugin:80 - create IPUIPlugin
2023-12-18 00:53:36,004 [INFO] IPUIPlugin:80 - create IPUIPlugin
2023-12-18 00:53:36,004 [INFO] IPUIPlugin:80 - create IPUIPlugin
2023-12-18 00:53:36,005 [INFO] IPUIPlugin:80 - create IPUIPlugin
2023-12-18 00:53:36,005 [INFO] IPUIPlugin:80 - create IPUIPlugin
2023-12-18 00:53:36,005 [INFO] IPUIPlugin:80 - create IPUIPlugin
2023-12-18 00:53:36,005 [INFO] IPUIPlugin:80 - create IPUIPlugin
2023-12-18 00:53:36,005 [INFO] IPUIPlugin:80 - create IPUIPlugin
2023-12-18 00:53:36,005 [INFO] IPUIPlugin:80 - create IPUIPlugin
2023-12-18 00:53:36,006 [INFO] IPUIPlugin:80 - create IPUIPlugin
2023-12-18 00:53:36,006 [INFO] IPUIPlugin:80 - create IPUIPlugin
2023-12-18 00:53:36,058 [INFO] CADModel:165 - CPN selected for project levelSTM32L073RZT3
2023-12-18 00:53:36,058 [INFO] CADModel:114 - Register for checkConnection events
2023-12-18 00:53:36,096 [INFO] OpenFileManager:328 - Restore cursor
2023-12-18 03:33:06,070 [INFO] MainUpdater:2868 - connection check result : 10
2023-12-18 03:33:06,070 [INFO] MainUpdater:2868 - connection check result : 10
2023-12-18 03:33:06,097 [INFO] MicroXplorer:468 - Change Database Path : 
2023-12-18 03:33:06,098 [INFO] MicroXplorer:498 - Change Database Version : DB.6.0.92
2023-12-18 03:33:06,119 [WARN] ThirdParty:871 - waiting for thirdparty lock release [close project]
2023-12-18 03:33:06,119 [INFO] ThirdParty:873 - entering critical section [close project]
2023-12-18 03:33:06,119 [INFO] ThirdParty:883 - exiting critical section [close project]
2023-12-18 03:33:06,120 [INFO] PinOutPanel:1499 - setPackage(No Configuration,No Configuration)
2023-12-18 03:33:06,123 [INFO] UtilMem:75 - Begin LoadConfig() Used Memory: 314011680 Bytes (750780416)
2023-12-18 03:33:06,124 [INFO] MicroXplorer:468 - Change Database Path : 
2023-12-18 03:33:06,124 [INFO] MicroXplorer:498 - Change Database Version : DB.6.0.92
2023-12-18 03:33:06,124 [INFO] OpenFileManager:308 - Change cursor
2023-12-18 03:33:06,133 [INFO] Mcu:1946 - Initializing MCU STM32L073R(B-Z)Tx STM32L073RZTx STM32L073RZT3
2023-12-18 03:33:06,788 [INFO] Context:659 - Trying to add GPIOservice into a context  which must be forbidden
2023-12-18 03:33:07,080 [INFO] RtosManager:555 - Registered RTOS mode: class=CMSIS, group=RTOS, mode=CMSIS_V1, owner=FREERTOS
2023-12-18 03:33:07,081 [INFO] RtosManager:555 - Registered RTOS mode: class=CMSIS, group=RTOS2, mode=CMSIS_V2, owner=FREERTOS
2023-12-18 03:33:07,081 [INFO] RtosManager:555 - Registered RTOS mode: class=RTOS, group=Core, mode=CMSIS_V1, owner=FREERTOS
2023-12-18 03:33:07,081 [INFO] RtosManager:555 - Registered RTOS mode: class=RTOS, group=Core, mode=CMSIS_V2, owner=FREERTOS
2023-12-18 03:33:07,081 [WARN] ModelIntegratedComponent:184 - Missing modes for component STMicroelectronics:FreeRTOS:0.0.1:STMicroelectronics:RTOS:FreeRTOS:Core:::10.2.0:
2023-12-18 03:33:07,089 [WARN] ModelIntegratedComponent:63 - No mode defined for component null
2023-12-18 03:33:07,089 [WARN] ModelIntegratedComponent:63 - No mode defined for component null
2023-12-18 03:33:07,089 [WARN] ModelIntegratedComponent:63 - No mode defined for component null
2023-12-18 03:33:07,089 [WARN] ModelIntegratedComponent:63 - No mode defined for component null
2023-12-18 03:33:07,089 [WARN] ModelIntegratedComponent:63 - No mode defined for component null
2023-12-18 03:33:07,089 [WARN] ModelIntegratedComponent:63 - No mode defined for component null
2023-12-18 03:33:07,089 [WARN] ModelIntegratedComponent:63 - No mode defined for component null
2023-12-18 03:33:07,089 [WARN] ModelIntegratedComponent:63 - No mode defined for component null
2023-12-18 03:33:07,089 [WARN] ModelIntegratedComponent:63 - No mode defined for component null
2023-12-18 03:33:07,089 [WARN] ModelIntegratedComponent:63 - No mode defined for component null
2023-12-18 03:33:07,089 [WARN] ModelIntegratedComponent:63 - No mode defined for component null
2023-12-18 03:33:07,090 [WARN] ModelIntegratedComponent:63 - No mode defined for component null
2023-12-18 03:33:07,090 [WARN] ModelIntegratedComponent:63 - No mode defined for component null
2023-12-18 03:33:07,090 [WARN] ModelIntegratedComponent:63 - No mode defined for component null
2023-12-18 03:33:07,090 [WARN] ModelIntegratedComponent:63 - No mode defined for component null
2023-12-18 03:33:07,090 [WARN] ModelIntegratedComponent:63 - No mode defined for component null
2023-12-18 03:33:07,090 [WARN] ModelIntegratedComponent:63 - No mode defined for component null
2023-12-18 03:33:07,090 [WARN] ModelIntegratedComponent:63 - No mode defined for component null
2023-12-18 03:33:07,090 [WARN] ModelIntegratedComponent:63 - No mode defined for component null
2023-12-18 03:33:07,090 [WARN] ModelIntegratedComponent:63 - No mode defined for component null
2023-12-18 03:33:07,090 [WARN] ModelIntegratedComponent:63 - No mode defined for component null
2023-12-18 03:33:07,090 [WARN] ModelIntegratedComponent:63 - No mode defined for component null
2023-12-18 03:33:07,090 [WARN] ModelIntegratedComponent:63 - No mode defined for component null
2023-12-18 03:33:07,090 [WARN] ModelIntegratedComponent:63 - No mode defined for component null
2023-12-18 03:33:07,090 [WARN] ModelIntegratedComponent:63 - No mode defined for component null
2023-12-18 03:33:07,090 [WARN] ModelIntegratedComponent:63 - No mode defined for component null
2023-12-18 03:33:07,090 [WARN] ModelIntegratedComponent:63 - No mode defined for component null
2023-12-18 03:33:07,090 [WARN] ModelIntegratedComponent:63 - No mode defined for component null
2023-12-18 03:33:07,090 [WARN] ModelIntegratedComponent:63 - No mode defined for component null
2023-12-18 03:33:07,090 [WARN] ModelIntegratedComponent:63 - No mode defined for component null
2023-12-18 03:33:07,090 [WARN] ModelIntegratedComponent:63 - No mode defined for component null
2023-12-18 03:33:07,090 [WARN] ModelIntegratedComponent:63 - No mode defined for component null
2023-12-18 03:33:07,090 [WARN] ModelIntegratedComponent:63 - No mode defined for component null
2023-12-18 03:33:07,192 [INFO] ThirdPartyModel:298 - Start build external matchings
2023-12-18 03:33:07,824 [INFO] ThirdPartyModel:316 - End build external matchings
2023-12-18 03:33:07,833 [INFO] ImportTextPane:194 - (OptionalMessage_ERROR) IP (RCC) : Parameter (48USBFreq_Value) has invalid value (32000000)
2023-12-18 03:33:07,834 [INFO] ImportTextPane:194 - (OptionalMessage_ERROR) IP (RCC) : Invalid parameter (FamilyName)
2023-12-18 03:33:07,834 [INFO] ImportTextPane:194 - (OptionalMessage_ERROR) IP (RCC) : Invalid parameter (PWRFreq_Value)
2023-12-18 03:33:07,834 [INFO] ImportTextPane:194 - (OptionalMessage_ERROR) IP (RCC) : Parameter (RTCHSEDivFreq_Value) has invalid value (4000000)
2023-12-18 03:33:07,834 [INFO] ImportTextPane:194 - (OptionalMessage_ERROR) IP (RCC) : Invalid parameter (TIMFreq_Value)
2023-12-18 03:33:07,952 [INFO] UtilMem:75 - End LoadConfig() Used Memory: 504016720 Bytes (750780416)
2023-12-18 03:33:07,969 [WARN] ThirdParty:833 - waiting for thirdparty lock release [change project]
2023-12-18 03:33:07,969 [INFO] ThirdParty:835 - entering critical section [change project]
2023-12-18 03:33:07,969 [INFO] ThirdParty:1030 - CMSIS Pack Vendor :STMicroelectronics X-CUBE-ISPU 1.1.0
2023-12-18 03:33:07,970 [INFO] ThirdParty:1030 - CMSIS Pack Vendor :STMicroelectronics USBPD 4.1
2023-12-18 03:33:07,970 [INFO] ThirdParty:1030 - CMSIS Pack Vendor :STMicroelectronics X-CUBE-GNSS1 6.0.0
2023-12-18 03:33:07,970 [INFO] ThirdParty:1030 - CMSIS Pack Vendor :STMicroelectronics USB_HOST 2.0.0
2023-12-18 03:33:07,970 [INFO] ThirdParty:1030 - CMSIS Pack Vendor :STMicroelectronics X-CUBE-AZRTOS-F4 1.1.0
2023-12-18 03:33:07,970 [INFO] ThirdParty:1030 - CMSIS Pack Vendor :STMicroelectronics LIBJPEG 8.0.0
2023-12-18 03:33:07,970 [INFO] ThirdParty:1030 - CMSIS Pack Vendor :wolfSSL I-CUBE-wolfSSL 5.6.3
2023-12-18 03:33:07,970 [INFO] ThirdParty:1030 - CMSIS Pack Vendor :STMicroelectronics X-CUBE-SMBUS 2.1.0
2023-12-18 03:33:07,970 [INFO] ThirdParty:1030 - CMSIS Pack Vendor :STMicroelectronics USB_DEVICE 3.0.0
2023-12-18 03:33:07,970 [INFO] ThirdParty:1030 - CMSIS Pack Vendor :STMicroelectronics X-CUBE-AZRTOS-WB 2.0.0
2023-12-18 03:33:07,970 [INFO] ThirdParty:1030 - CMSIS Pack Vendor :STMicroelectronics X-CUBE-TOUCHGFX 4.23.0
2023-12-18 03:33:07,970 [INFO] ThirdParty:1030 - CMSIS Pack Vendor :STMicroelectronics X-CUBE-AZRTOS-F7 1.1.0
2023-12-18 03:33:07,970 [INFO] ThirdParty:1030 - CMSIS Pack Vendor :STMicroelectronics X-CUBE-AZRTOS-L5 2.0.0
2023-12-18 03:33:07,970 [INFO] ThirdParty:1030 - CMSIS Pack Vendor :STMicroelectronics USB_DEVICE 2.0.0
2023-12-18 03:33:07,970 [INFO] ThirdParty:1030 - CMSIS Pack Vendor :STMicroelectronics X-CUBE-MEMS1 9.6.0
2023-12-18 03:33:07,970 [INFO] ThirdParty:1030 - CMSIS Pack Vendor :STMicroelectronics X-CUBE-EEPRMA1 4.2.0
2023-12-18 03:33:07,970 [INFO] ThirdParty:1030 - CMSIS Pack Vendor :ITTIA_DB I-CUBE-ITTIADB 8.8.0
2023-12-18 03:33:07,970 [INFO] ThirdParty:1030 - CMSIS Pack Vendor :STMicroelectronics FP-SNS-MOTENV1 4.3.2
2023-12-18 03:33:07,970 [INFO] ThirdParty:1030 - CMSIS Pack Vendor :STMicroelectronics X-CUBE-ALGOBUILD 1.3.0
2023-12-18 03:33:07,970 [INFO] ThirdParty:1030 - CMSIS Pack Vendor :STMicroelectronics FreeRTOS 0.0.1
2023-12-18 03:33:07,970 [INFO] ThirdParty:1030 - CMSIS Pack Vendor :STMicroelectronics X-CUBE-AZRTOS-G0 1.1.0
2023-12-18 03:33:07,970 [INFO] ThirdParty:1030 - CMSIS Pack Vendor :STMicroelectronics X-CUBE-BLEMGR 2.0.0
2023-12-18 03:33:07,970 [INFO] ThirdParty:1030 - CMSIS Pack Vendor :STMicroelectronics X-CUBE-NFC4 3.0.0
2023-12-18 03:33:07,970 [INFO] ThirdParty:1030 - CMSIS Pack Vendor :STMicroelectronics X-CUBE-SUBG2 5.0.0
2023-12-18 03:33:07,970 [INFO] ThirdParty:1030 - CMSIS Pack Vendor :STMicroelectronics STM32_WPAN 1.0.0
2023-12-18 03:33:07,970 [INFO] ThirdParty:1030 - CMSIS Pack Vendor :STMicroelectronics lwIP 2.0.3
2023-12-18 03:33:07,971 [INFO] ThirdParty:1030 - CMSIS Pack Vendor :STMicroelectronics FP-SNS-FLIGHT1 5.0.2
2023-12-18 03:33:07,971 [INFO] ThirdParty:1030 - CMSIS Pack Vendor :STMicroelectronics USB_HOST 1.0.0
2023-12-18 03:33:07,971 [INFO] ThirdParty:1030 - CMSIS Pack Vendor :STMicroelectronics X-CUBE-TOF1 3.3.1
2023-12-18 03:33:07,971 [INFO] ThirdParty:1030 - CMSIS Pack Vendor :STMicroelectronics X-CUBE-AZRTOS-G4 2.0.0
2023-12-18 03:33:07,971 [INFO] ThirdParty:1030 - CMSIS Pack Vendor :STMicroelectronics PDM2PCM 3.1.0
2023-12-18 03:33:07,971 [INFO] ThirdParty:1030 - CMSIS Pack Vendor :STMicroelectronics X-CUBE-AZRTOS-H7 3.1.0
2023-12-18 03:33:07,971 [INFO] ThirdParty:1030 - CMSIS Pack Vendor :Infineon AIROC-Wi-Fi-Bluetooth-STM32 1.5.1
2023-12-18 03:33:07,971 [INFO] ThirdParty:1030 - CMSIS Pack Vendor :STMicroelectronics X-CUBE-BLEMGR 3.0.0
2023-12-18 03:33:07,971 [INFO] ThirdParty:1030 - CMSIS Pack Vendor :STMicroelectronics PDM2PCM 3.3.0
2023-12-18 03:33:07,971 [INFO] ThirdParty:1030 - CMSIS Pack Vendor :STMicroelectronics X-CUBE-DISPLAY 3.0.0
2023-12-18 03:33:07,971 [INFO] ThirdParty:1030 - CMSIS Pack Vendor :STMicroelectronics FP-SNS-MOTENVWB1 1.3.0
2023-12-18 03:33:07,971 [INFO] ThirdParty:1030 - CMSIS Pack Vendor :STMicroelectronics FP-SNS-MOTENVWB1 1.3.1
2023-12-18 03:33:07,971 [INFO] ThirdParty:1030 - CMSIS Pack Vendor :STMicroelectronics X-CUBE-BLE1 7.0.0
2023-12-18 03:33:07,971 [INFO] ThirdParty:1030 - CMSIS Pack Vendor :STMicroelectronics FP-ATR-SIGFOX1 3.2.0
2023-12-18 03:33:07,971 [INFO] ThirdParty:1030 - CMSIS Pack Vendor :STMicroelectronics X-CUBE-ISPU 2.0.0
2023-12-18 03:33:07,971 [INFO] ThirdParty:1030 - CMSIS Pack Vendor :STMicroelectronics HAL Drivers 0.0.0
2023-12-18 03:33:07,971 [INFO] ThirdParty:1030 - CMSIS Pack Vendor :STMicroelectronics MBEDTLS 2.16.2
2023-12-18 03:33:07,971 [INFO] ThirdParty:1030 - CMSIS Pack Vendor :emotas I-CUBE-CANOPEN 1.3.0
2023-12-18 03:33:07,971 [INFO] ThirdParty:1030 - CMSIS Pack Vendor :STMicroelectronics X-CUBE-MEMS1 10.0.0
2023-12-18 03:33:07,971 [INFO] ThirdParty:1030 - CMSIS Pack Vendor :STMicroelectronics X-CUBE-FREERTOS 1.1.0
2023-12-18 03:33:07,971 [INFO] ThirdParty:1030 - CMSIS Pack Vendor :STMicroelectronics X-CUBE-NFC7 1.0.1
2023-12-18 03:33:07,971 [INFO] ThirdParty:1030 - CMSIS Pack Vendor :STMicroelectronics MBEDTLS 2.14.1
2023-12-18 03:33:07,971 [INFO] ThirdParty:1030 - CMSIS Pack Vendor :STMicroelectronics X-CUBE-TOUCHGFX 4.22.1
2023-12-18 03:33:07,972 [INFO] ThirdParty:1030 - CMSIS Pack Vendor :STMicroelectronics X-CUBE-NFC6 3.0.0
2023-12-18 03:33:07,972 [INFO] ThirdParty:1030 - CMSIS Pack Vendor :STMicroelectronics X-CUBE-EEPRMA1 4.1.0
2023-12-18 03:33:07,972 [INFO] ThirdParty:1030 - CMSIS Pack Vendor :portGmbH I-Cube-SoM-uGOAL 1.1.0
2023-12-18 03:33:07,972 [INFO] ThirdParty:1030 - CMSIS Pack Vendor :STMicroelectronics X-CUBE-ALS 1.0.1
2023-12-18 03:33:07,972 [INFO] ThirdParty:1030 - CMSIS Pack Vendor :STMicroelectronics ThreadX 1.0.0
2023-12-18 03:33:07,972 [INFO] ThirdParty:1030 - CMSIS Pack Vendor :STMicroelectronics FP-SNS-SMARTAG2 1.2.0
2023-12-18 03:33:07,972 [INFO] ThirdParty:1030 - CMSIS Pack Vendor :STMicroelectronics X-CUBE-AZRTOS-WL 2.0.0
2023-12-18 03:33:07,972 [INFO] ThirdParty:1030 - CMSIS Pack Vendor :SEGGER I-CUBE-embOS 1.3.1
2023-12-18 03:33:07,972 [INFO] ThirdParty:1030 - CMSIS Pack Vendor :STMicroelectronics USB_DEVICE 1.0.0
2023-12-18 03:33:07,972 [INFO] ThirdParty:1030 - CMSIS Pack Vendor :STMicroelectronics X-CUBE-AI 8.1.0
2023-12-18 03:33:07,972 [INFO] ThirdParty:1030 - CMSIS Pack Vendor :STMicroelectronics X-CUBE-AZRTOS-L4 2.0.0
2023-12-18 03:33:07,972 [INFO] ThirdParty:1030 - CMSIS Pack Vendor :STMicroelectronics ThreadX 0.0.2
2023-12-18 03:33:07,972 [INFO] ThirdParty:1030 - CMSIS Pack Vendor :WES I-CUBE-Cesium 1.3.0
2023-12-18 03:33:07,972 [INFO] ThirdParty:1030 - CMSIS Pack Vendor :STMicroelectronics FP-ATR-ASTRA1 2.0.0
2023-12-18 03:33:07,972 [INFO] ThirdParty:1030 - CMSIS Pack Vendor :STMicroelectronics lwIP 2.1.2
2023-12-18 03:33:07,972 [INFO] ThirdParty:1030 - CMSIS Pack Vendor :STMicroelectronics X-CUBE-SFXS2LP1 4.0.0
2023-12-18 03:33:07,972 [INFO] ThirdParty:1030 - CMSIS Pack Vendor :STMicroelectronics X-CUBE-BLE2 3.3.0
2023-12-18 03:33:07,972 [INFO] ThirdParty:1030 - CMSIS Pack Vendor :STMicroelectronics X-CUBE-TOF1 3.4.0
2023-12-18 03:33:07,972 [INFO] ThirdParty:1030 - CMSIS Pack Vendor :STMicroelectronics X-CUBE-AZRTOS-H7 3.2.0
2023-12-18 03:33:07,972 [INFO] ThirdParty:1030 - CMSIS Pack Vendor :STMicroelectronics PDM2PCM 3.2.0
2023-12-18 03:33:07,973 [INFO] ThirdParty:841 - exiting critical section [change project]
2023-12-18 03:33:08,235 [INFO] PinOutPanel:1499 - setPackage(No Configuration,No Configuration)
2023-12-18 03:33:08,236 [INFO] PinOutPanel:1499 - setPackage(STM32L073RZTx,LQFP64)
2023-12-18 03:33:08,473 [INFO] UtilMem:75 - Before build in PCC Used Memory: 308088736 Bytes (750780416)
2023-12-18 03:33:08,745 [INFO] UtilMem:75 - After build in PCC Used Memory: 355807152 Bytes (750780416)
2023-12-18 03:33:08,771 [INFO] IPUIPlugin:80 - create IPUIPlugin
2023-12-18 03:33:08,771 [INFO] IPUIPlugin:80 - create IPUIPlugin
2023-12-18 03:33:08,772 [INFO] IPUIPlugin:80 - create IPUIPlugin
2023-12-18 03:33:08,772 [INFO] IPUIPlugin:80 - create IPUIPlugin
2023-12-18 03:33:08,772 [INFO] IPUIPlugin:80 - create IPUIPlugin
2023-12-18 03:33:08,772 [INFO] IPUIPlugin:80 - create IPUIPlugin
2023-12-18 03:33:08,772 [INFO] IPUIPlugin:80 - create IPUIPlugin
2023-12-18 03:33:08,772 [INFO] IPUIPlugin:80 - create IPUIPlugin
2023-12-18 03:33:08,772 [INFO] IPUIPlugin:80 - create IPUIPlugin
2023-12-18 03:33:08,772 [INFO] IPUIPlugin:80 - create IPUIPlugin
2023-12-18 03:33:08,772 [INFO] IPUIPlugin:80 - create IPUIPlugin
2023-12-18 03:33:08,773 [INFO] IPUIPlugin:80 - create IPUIPlugin
2023-12-18 03:33:08,773 [INFO] IPUIPlugin:80 - create IPUIPlugin
2023-12-18 03:33:08,773 [INFO] IPUIPlugin:80 - create IPUIPlugin
2023-12-18 03:33:08,773 [INFO] IPUIPlugin:80 - create IPUIPlugin
2023-12-18 03:33:08,773 [INFO] IPUIPlugin:80 - create IPUIPlugin
2023-12-18 03:33:08,773 [INFO] IPUIPlugin:80 - create IPUIPlugin
2023-12-18 03:33:08,773 [INFO] IPUIPlugin:80 - create IPUIPlugin
2023-12-18 03:33:08,773 [INFO] IPUIPlugin:80 - create IPUIPlugin
2023-12-18 03:33:08,774 [INFO] IPUIPlugin:80 - create IPUIPlugin
2023-12-18 03:33:08,774 [INFO] IPUIPlugin:80 - create IPUIPlugin
2023-12-18 03:33:08,774 [INFO] IPUIPlugin:80 - create IPUIPlugin
2023-12-18 03:33:08,774 [INFO] IPUIPlugin:80 - create IPUIPlugin
2023-12-18 03:33:08,774 [INFO] IPUIPlugin:80 - create IPUIPlugin
2023-12-18 03:33:08,774 [INFO] IPUIPlugin:80 - create IPUIPlugin
2023-12-18 03:33:08,774 [INFO] IPUIPlugin:80 - create IPUIPlugin
2023-12-18 03:33:08,775 [INFO] IPUIPlugin:80 - create IPUIPlugin
2023-12-18 03:33:08,775 [INFO] IPUIPlugin:80 - create IPUIPlugin
2023-12-18 03:33:08,775 [INFO] IPUIPlugin:80 - create IPUIPlugin
2023-12-18 03:33:08,775 [INFO] IPUIPlugin:80 - create IPUIPlugin
2023-12-18 03:33:08,775 [INFO] IPUIPlugin:80 - create IPUIPlugin
2023-12-18 03:33:08,775 [INFO] IPUIPlugin:80 - create IPUIPlugin
2023-12-18 03:33:08,776 [INFO] IPUIPlugin:80 - create IPUIPlugin
2023-12-18 03:33:08,776 [INFO] IPUIPlugin:80 - create IPUIPlugin
2023-12-18 03:33:08,776 [INFO] IPUIPlugin:80 - create IPUIPlugin
2023-12-18 03:33:08,776 [INFO] IPUIPlugin:80 - create IPUIPlugin
2023-12-18 03:33:08,776 [INFO] IPUIPlugin:80 - create IPUIPlugin
2023-12-18 03:33:08,777 [INFO] IPUIPlugin:80 - create IPUIPlugin
2023-12-18 03:33:08,777 [INFO] IPUIPlugin:80 - create IPUIPlugin
2023-12-18 03:33:08,831 [INFO] CADModel:165 - CPN selected for project levelSTM32L073RZT3
2023-12-18 03:33:08,831 [INFO] CADModel:114 - Register for checkConnection events
2023-12-18 03:33:08,872 [INFO] OpenFileManager:328 - Restore cursor
2023-12-18 03:45:04,055 [INFO] UtilMem:75 - End SaveConfig() Used Memory: 481806296 Bytes (750780416)
2023-12-18 03:45:05,341 [INFO] UtilMem:75 - End SaveConfig() Used Memory: 509066336 Bytes (750780416)
2023-12-18 03:45:07,101 [INFO] UtilMem:75 - End SaveConfig() Used Memory: 557933760 Bytes (750780416)
2023-12-18 03:45:07,250 [INFO] ProjectBuilder:2337 - IP not ready for code generation: Clock
2023-12-18 03:45:22,073 [INFO] UtilMem:75 - End SaveConfig() Used Memory: 392950160 Bytes (750780416)
2023-12-18 03:45:22,916 [INFO] UtilMem:75 - End SaveConfig() Used Memory: 417354320 Bytes (750780416)
2023-12-18 03:45:24,103 [INFO] UtilMem:75 - End SaveConfig() Used Memory: 464018000 Bytes (750780416)
2023-12-18 03:45:24,220 [INFO] BlockDiagram:2759 - set Specific Code input for plugin: RTC
2023-12-18 03:45:24,220 [INFO] BlockDiagram:2759 - set Specific Code input for plugin: NVIC
2023-12-18 03:45:24,220 [INFO] BlockDiagram:2759 - set Specific Code input for plugin: TIM1_8L0
2023-12-18 03:45:24,220 [INFO] BlockDiagram:2759 - set Specific Code input for plugin: TIM1_8L0
2023-12-18 03:45:24,221 [INFO] BlockDiagram:2759 - set Specific Code input for plugin: GPIO
2023-12-18 03:45:24,221 [INFO] BlockDiagram:2759 - set Specific Code input for plugin: RCC
2023-12-18 03:45:24,221 [INFO] CodeGenerator:799 - code generatio: config db path: /opt/st/stm32cubeide_1.13.2/plugins/com.st.stm32cube.common.mx_6.9.2.202309101412//db/
2023-12-18 03:45:24,325 [INFO] CodeEngine:255 - oldGeneratedFile, /home/zero-jedynkowy/Pulpit/PMIK/pmik_projekt_ka_jj_zegar/stm32workspace/ZEGAR_PMIK/MXTmpFiles/license.tmp_save
2023-12-18 03:45:24,468 [INFO] CodeEngine:279 - Generated code: /home/zero-jedynkowy/Pulpit/PMIK/pmik_projekt_ka_jj_zegar/stm32workspace/ZEGAR_PMIK/MXTmpFiles/license.tmp
2023-12-18 03:45:24,529 [INFO] CodeEngine:255 - oldGeneratedFile, /home/zero-jedynkowy/Pulpit/PMIK/pmik_projekt_ka_jj_zegar/stm32workspace/ZEGAR_PMIK/MXTmpFiles/gpio.tmp_save
2023-12-18 03:45:24,601 [INFO] CodeEngine:279 - Generated code: /home/zero-jedynkowy/Pulpit/PMIK/pmik_projekt_ka_jj_zegar/stm32workspace/ZEGAR_PMIK/MXTmpFiles/gpio.tmp
2023-12-18 03:45:24,841 [INFO] CodeEngine:255 - oldGeneratedFile, /home/zero-jedynkowy/Pulpit/PMIK/pmik_projekt_ka_jj_zegar/stm32workspace/ZEGAR_PMIK/Core/Src/stm32l0xx_it.c_save
2023-12-18 03:45:25,034 [INFO] CodeEngine:279 - Generated code: /home/zero-jedynkowy/Pulpit/PMIK/pmik_projekt_ka_jj_zegar/stm32workspace/ZEGAR_PMIK/Core/Src/stm32l0xx_it.c
2023-12-18 03:45:25,036 [INFO] CodeEngine:255 - oldGeneratedFile, /home/zero-jedynkowy/Pulpit/PMIK/pmik_projekt_ka_jj_zegar/stm32workspace/ZEGAR_PMIK/Core/Inc/stm32l0xx_it.h_save
2023-12-18 03:45:25,092 [INFO] CodeEngine:279 - Generated code: /home/zero-jedynkowy/Pulpit/PMIK/pmik_projekt_ka_jj_zegar/stm32workspace/ZEGAR_PMIK/Core/Inc/stm32l0xx_it.h
2023-12-18 03:45:25,125 [INFO] CodeEngine:255 - oldGeneratedFile, /home/zero-jedynkowy/Pulpit/PMIK/pmik_projekt_ka_jj_zegar/stm32workspace/ZEGAR_PMIK/Core/Src/stm32l0xx_hal_msp.c_save
2023-12-18 03:45:25,212 [INFO] CodeEngine:279 - Generated code: /home/zero-jedynkowy/Pulpit/PMIK/pmik_projekt_ka_jj_zegar/stm32workspace/ZEGAR_PMIK/Core/Src/stm32l0xx_hal_msp.c
2023-12-18 03:45:25,213 [INFO] CodeEngine:255 - oldGeneratedFile, /home/zero-jedynkowy/Pulpit/PMIK/pmik_projekt_ka_jj_zegar/stm32workspace/ZEGAR_PMIK/MXTmpFiles/system.tmp_save
2023-12-18 03:45:25,272 [INFO] CodeEngine:279 - Generated code: /home/zero-jedynkowy/Pulpit/PMIK/pmik_projekt_ka_jj_zegar/stm32workspace/ZEGAR_PMIK/MXTmpFiles/system.tmp
2023-12-18 03:45:25,275 [INFO] CodeEngine:311 - oldGeneratedFile, /home/zero-jedynkowy/Pulpit/PMIK/pmik_projekt_ka_jj_zegar/stm32workspace/ZEGAR_PMIK/Core/Inc/stm32l0xx_hal_conf.h_save
2023-12-18 03:45:25,333 [INFO] CodeEngine:335 - Generated code: /home/zero-jedynkowy/Pulpit/PMIK/pmik_projekt_ka_jj_zegar/stm32workspace/ZEGAR_PMIK/Core/Inc/stm32l0xx_hal_conf.h
2023-12-18 03:45:25,349 [WARN] IPConfigManager:3431 - IP not found : TIM
2023-12-18 03:45:25,349 [WARN] CodeGenerator:3764 - IP not found : null
2023-12-18 03:45:25,351 [INFO] CodeEngine:255 - oldGeneratedFile, /home/zero-jedynkowy/Pulpit/PMIK/pmik_projekt_ka_jj_zegar/stm32workspace/ZEGAR_PMIK/Core/Inc/main.h_save
2023-12-18 03:45:25,427 [INFO] CodeEngine:279 - Generated code: /home/zero-jedynkowy/Pulpit/PMIK/pmik_projekt_ka_jj_zegar/stm32workspace/ZEGAR_PMIK/Core/Inc/main.h
2023-12-18 03:45:25,428 [INFO] CodeEngine:255 - oldGeneratedFile, /home/zero-jedynkowy/Pulpit/PMIK/pmik_projekt_ka_jj_zegar/stm32workspace/ZEGAR_PMIK/Core/Src/main.c_save
2023-12-18 03:45:25,533 [INFO] CodeEngine:279 - Generated code: /home/zero-jedynkowy/Pulpit/PMIK/pmik_projekt_ka_jj_zegar/stm32workspace/ZEGAR_PMIK/Core/Src/main.c
2023-12-18 03:45:25,876 [INFO] ProjectBuilder:3064 - Time for Copy HAL[1] : 32mS.
2023-12-18 03:45:25,878 [INFO] ProjectBuilder:4404 - Project Generator version: 4.1.0
2023-12-18 03:45:26,039 [INFO] ConfigFileManager:1457 - The Die is : DIE447
2023-12-18 03:45:26,045 [INFO] ApiDbMcu:507 - Load IP Config File for FATFS
2023-12-18 03:45:26,067 [INFO] ApiDbMcu:507 - Load IP Config File for FREERTOS
2023-12-18 03:45:26,193 [INFO] ApiDbMcu:507 - Load IP Config File for TOUCHSENSING
2023-12-18 03:45:26,215 [INFO] ApiDbMcu:507 - Load IP Config File for USB_DEVICE
2023-12-18 03:45:27,167 [INFO] ProjectBuilder:4626 - Time for Generating toolchain IDE Files: 1289mS.
2023-12-18 03:45:27,168 [INFO] ProjectBuilder:2935 - Time for Copy CMSIS : 0mS.
2023-12-18 03:45:27,168 [INFO] ProjectBuilder:2935 - Time for Copy CMSIS : 0mS.
2023-12-18 03:47:59,667 [INFO] UtilMem:75 - End SaveConfig() Used Memory: 332759768 Bytes (944766976)
2023-12-18 03:48:00,396 [INFO] UtilMem:75 - End SaveConfig() Used Memory: 357403352 Bytes (944766976)
2023-12-18 03:48:01,716 [INFO] UtilMem:75 - End SaveConfig() Used Memory: 405637848 Bytes (944766976)
2023-12-18 03:48:01,860 [INFO] BlockDiagram:2759 - set Specific Code input for plugin: RTC
2023-12-18 03:48:01,860 [INFO] BlockDiagram:2759 - set Specific Code input for plugin: NVIC
2023-12-18 03:48:01,860 [INFO] BlockDiagram:2759 - set Specific Code input for plugin: TIM1_8L0
2023-12-18 03:48:01,860 [INFO] BlockDiagram:2759 - set Specific Code input for plugin: TIM1_8L0
2023-12-18 03:48:01,861 [INFO] BlockDiagram:2759 - set Specific Code input for plugin: GPIO
2023-12-18 03:48:01,861 [INFO] BlockDiagram:2759 - set Specific Code input for plugin: RCC
2023-12-18 03:48:01,861 [INFO] CodeGenerator:799 - code generatio: config db path: /opt/st/stm32cubeide_1.13.2/plugins/com.st.stm32cube.common.mx_6.9.2.202309101412//db/
2023-12-18 03:48:02,012 [INFO] CodeEngine:255 - oldGeneratedFile, /home/zero-jedynkowy/Pulpit/PMIK/pmik_projekt_ka_jj_zegar/stm32workspace/ZEGAR_PMIK/MXTmpFiles/license.tmp_save
2023-12-18 03:48:02,064 [INFO] CodeEngine:279 - Generated code: /home/zero-jedynkowy/Pulpit/PMIK/pmik_projekt_ka_jj_zegar/stm32workspace/ZEGAR_PMIK/MXTmpFiles/license.tmp
2023-12-18 03:48:02,105 [INFO] CodeEngine:255 - oldGeneratedFile, /home/zero-jedynkowy/Pulpit/PMIK/pmik_projekt_ka_jj_zegar/stm32workspace/ZEGAR_PMIK/MXTmpFiles/gpio.tmp_save
2023-12-18 03:48:02,159 [INFO] CodeEngine:279 - Generated code: /home/zero-jedynkowy/Pulpit/PMIK/pmik_projekt_ka_jj_zegar/stm32workspace/ZEGAR_PMIK/MXTmpFiles/gpio.tmp
2023-12-18 03:48:02,355 [INFO] CodeEngine:255 - oldGeneratedFile, /home/zero-jedynkowy/Pulpit/PMIK/pmik_projekt_ka_jj_zegar/stm32workspace/ZEGAR_PMIK/Core/Src/stm32l0xx_it.c_save
2023-12-18 03:48:02,412 [INFO] CodeEngine:279 - Generated code: /home/zero-jedynkowy/Pulpit/PMIK/pmik_projekt_ka_jj_zegar/stm32workspace/ZEGAR_PMIK/Core/Src/stm32l0xx_it.c
2023-12-18 03:48:02,413 [INFO] CodeEngine:255 - oldGeneratedFile, /home/zero-jedynkowy/Pulpit/PMIK/pmik_projekt_ka_jj_zegar/stm32workspace/ZEGAR_PMIK/Core/Inc/stm32l0xx_it.h_save
2023-12-18 03:48:02,462 [INFO] CodeEngine:279 - Generated code: /home/zero-jedynkowy/Pulpit/PMIK/pmik_projekt_ka_jj_zegar/stm32workspace/ZEGAR_PMIK/Core/Inc/stm32l0xx_it.h
2023-12-18 03:48:02,496 [INFO] CodeEngine:255 - oldGeneratedFile, /home/zero-jedynkowy/Pulpit/PMIK/pmik_projekt_ka_jj_zegar/stm32workspace/ZEGAR_PMIK/Core/Src/stm32l0xx_hal_msp.c_save
2023-12-18 03:48:02,576 [INFO] CodeEngine:279 - Generated code: /home/zero-jedynkowy/Pulpit/PMIK/pmik_projekt_ka_jj_zegar/stm32workspace/ZEGAR_PMIK/Core/Src/stm32l0xx_hal_msp.c
2023-12-18 03:48:02,577 [INFO] CodeEngine:255 - oldGeneratedFile, /home/zero-jedynkowy/Pulpit/PMIK/pmik_projekt_ka_jj_zegar/stm32workspace/ZEGAR_PMIK/MXTmpFiles/system.tmp_save
2023-12-18 03:48:02,627 [INFO] CodeEngine:279 - Generated code: /home/zero-jedynkowy/Pulpit/PMIK/pmik_projekt_ka_jj_zegar/stm32workspace/ZEGAR_PMIK/MXTmpFiles/system.tmp
2023-12-18 03:48:02,629 [INFO] CodeEngine:311 - oldGeneratedFile, /home/zero-jedynkowy/Pulpit/PMIK/pmik_projekt_ka_jj_zegar/stm32workspace/ZEGAR_PMIK/Core/Inc/stm32l0xx_hal_conf.h_save
2023-12-18 03:48:02,686 [INFO] CodeEngine:335 - Generated code: /home/zero-jedynkowy/Pulpit/PMIK/pmik_projekt_ka_jj_zegar/stm32workspace/ZEGAR_PMIK/Core/Inc/stm32l0xx_hal_conf.h
2023-12-18 03:48:02,755 [WARN] IPConfigManager:3431 - IP not found : TIM
2023-12-18 03:48:02,755 [WARN] CodeGenerator:3764 - IP not found : null
2023-12-18 03:48:02,758 [INFO] CodeEngine:255 - oldGeneratedFile, /home/zero-jedynkowy/Pulpit/PMIK/pmik_projekt_ka_jj_zegar/stm32workspace/ZEGAR_PMIK/Core/Inc/main.h_save
2023-12-18 03:48:02,838 [INFO] CodeEngine:279 - Generated code: /home/zero-jedynkowy/Pulpit/PMIK/pmik_projekt_ka_jj_zegar/stm32workspace/ZEGAR_PMIK/Core/Inc/main.h
2023-12-18 03:48:02,840 [INFO] CodeEngine:255 - oldGeneratedFile, /home/zero-jedynkowy/Pulpit/PMIK/pmik_projekt_ka_jj_zegar/stm32workspace/ZEGAR_PMIK/Core/Src/main.c_save
2023-12-18 03:48:02,923 [INFO] CodeEngine:279 - Generated code: /home/zero-jedynkowy/Pulpit/PMIK/pmik_projekt_ka_jj_zegar/stm32workspace/ZEGAR_PMIK/Core/Src/main.c
2023-12-18 03:48:03,282 [INFO] ProjectBuilder:3064 - Time for Copy HAL[1] : 23mS.
2023-12-18 03:48:03,283 [INFO] ProjectBuilder:4404 - Project Generator version: 4.1.0
2023-12-18 03:48:03,420 [INFO] ConfigFileManager:1457 - The Die is : DIE447
2023-12-18 03:48:04,236 [INFO] ProjectBuilder:4626 - Time for Generating toolchain IDE Files: 952mS.
2023-12-18 03:48:04,236 [INFO] ProjectBuilder:2935 - Time for Copy CMSIS : 0mS.
2023-12-18 03:48:04,237 [INFO] ProjectBuilder:2935 - Time for Copy CMSIS : 0mS.
